sample.interval=20000
"matrix" "[<-.data.frame" "[<-" 
"split.default" "split" "[<-.data.frame" "[<-" 
"matrix" "[<-.data.frame" "[<-" 
"split.default" "split" "[<-.data.frame" "[<-" 
"[[.data.frame" "[[" "[.data.frame" "[" 
"[.data.frame" "[" 
"[.data.frame" "[" 
"sys.call" "%in%" "[[.data.frame" "[[" "[.data.frame" "[" 
"which" 
".row_names_info" "[.data.frame" "[" 
"[[" "[.data.frame" "[" 
"[<-.data.frame" "[<-" 
"paste0" "[<-.data.frame" "[<-" 
"[<-.data.frame" "[<-" 
"[<-.data.frame" "[<-" 
"nargs" "[[.data.frame" "[[" "[.data.frame" "[" 
"length" "[.data.frame" "[" 
"[[" "[.data.frame" "[" 
"which" 
"[<-.data.frame" "[<-" 
"[[.data.frame" "[[" "[.data.frame" "[" 
"<Anonymous>" "[[.data.frame" "[[" "[.data.frame" "[" 
"[.data.frame" "[" 
"vapply" "[<-.data.frame" "[<-" 
"<Anonymous>" "[[.data.frame" "[[" "[.data.frame" "[" 
"[<-.data.frame" "[<-" 
"which" 
"[.data.frame" "[" 
"length" "[.data.frame" "[" 
"[[" "[.data.frame" "[" 
"sys.call" "%in%" "[[.data.frame" "[[" "[.data.frame" "[" 
"sys.call" "%in%" "[[.data.frame" "[[" "[.data.frame" "[" 
"vapply" "[<-.data.frame" "[<-" 
"sys.call" "%in%" "[<-.data.frame" "[<-" 
"sys.call" "%in%" "[[.data.frame" "[[" "[.data.frame" "[" 
"[.data.frame" "[" 
"[<-.data.frame" "[<-" 
".subset2" "<Anonymous>" "[[.data.frame" "[[" "[.data.frame" "[" 
"%in%" "[[.data.frame" "[[" "[.data.frame" "[" 
"[<-.data.frame" "[<-" 
"[[.data.frame" "[[" "[.data.frame" "[" 
"is.matrix" "<Anonymous>" "[[.data.frame" "[[" "[.data.frame" "[" 
"[<-.data.frame" "[<-" 
"sys.call" "%in%" "[[.data.frame" "[[" "[.data.frame" "[" 
"[[" "[.data.frame" "[" 
"[[" "[.data.frame" "[" 
"[<-.data.frame" "[<-" 
"which" 
"[<-.data.frame" "[<-" 
"[[.data.frame" "[[" "[.data.frame" "[" 
"sys.call" "%in%" "[[.data.frame" "[[" "[.data.frame" "[" 
"all" "[[.data.frame" "[[" "[.data.frame" "[" 
"[<-.data.frame" "[<-" 
"[<-.data.frame" "[<-" 
"[<-.data.frame" "[<-" 
"[<-.data.frame" "[<-" 
"[<-.data.frame" "[<-" 
"<Anonymous>" "[[.data.frame" "[[" "[.data.frame" "[" 
"[<-.data.frame" "[<-" 
"all" "[[.data.frame" "[[" "[.data.frame" "[" 
"[<-.data.frame" "[<-" 
"[<-.data.frame" "[<-" 
"[<-.data.frame" "[<-" 
"[[.data.frame" "[[" "[.data.frame" "[" 
"[[.data.frame" "[[" "[.data.frame" "[" 
"sys.call" "%in%" "[[.data.frame" "[[" "[.data.frame" "[" 
"sys.call" "%in%" "[.data.frame" "[" 
"which" 
"[.data.frame" "[" 
"[<-.data.frame" "[<-" 
"all" "[[.data.frame" "[[" "[.data.frame" "[" 
"[[" "[.data.frame" "[" 
"[<-.data.frame" "[<-" 
"[<-.data.frame" "[<-" 
"which" 
"[.data.frame" "[" 
"[<-.data.frame" "[<-" 
"[[" "[.data.frame" "[" 
"sys.call" "%in%" "[[.data.frame" "[[" "[.data.frame" "[" 
"[[.data.frame" "[[" "[.data.frame" "[" 
"[<-.data.frame" "[<-" 
"vapply" "[<-.data.frame" "[<-" 
"[[.data.frame" "[[" "[.data.frame" "[" 
"which" 
"<Anonymous>" "[[.data.frame" "[[" "[.data.frame" "[" 
"[[.data.frame" "[[" "[.data.frame" "[" 
"[<-.data.frame" "[<-" 
"[<-.data.frame" "[<-" 
"[<-.data.frame" "[<-" 
"[<-.data.frame" "[<-" 
"[<-.data.frame" "[<-" 
"[<-.data.frame" "[<-" 
"[<-.data.frame" "[<-" 
"[<-.data.frame" "[<-" 
"[<-.data.frame" "[<-" 
"[<-.data.frame" "[<-" 
"[<-.data.frame" "[<-" 
"[[.data.frame" "[[" "[.data.frame" "[" 
"[[.data.frame" "[[" "[.data.frame" "[" 
"[<-.data.frame" "[<-" 
"[<-.data.frame" "[<-" 
"which" 
"[<-.data.frame" "[<-" 
"which" 
"[<-.data.frame" "[<-" 
"%in%" "[[.data.frame" "[[" "[.data.frame" "[" 
"[<-.data.frame" "[<-" 
"which" 
"[[" "[.data.frame" "[" 
"%in%" "[[.data.frame" "[[" "[.data.frame" "[" 
"[<-.data.frame" "[<-" 
"[<-.data.frame" "[<-" 
"which" 
"[<-.data.frame" "[<-" 
"[<-.data.frame" "[<-" 
"[<-.data.frame" "[<-" 
"[<-.data.frame" "[<-" 
"[[" "[.data.frame" "[" 
"%in%" "[[.data.frame" "[[" "[.data.frame" "[" 
"<Anonymous>" "[[.data.frame" "[[" "[.data.frame" "[" 
"[<-.data.frame" "[<-" 
"[<-.data.frame" "[<-" 
"which" 
"[[" "[.data.frame" "[" 
"sys.call" "%in%" "[.data.frame" "[" 
"which" 
"[<-.data.frame" "[<-" 
"[<-.data.frame" "[<-" 
"[.data.frame" "[" 
"[<-.data.frame" "[<-" 
"[[.data.frame" "[[" "[.data.frame" "[" 
"[<-.data.frame" "[<-" 
"which" 
"[[" "[.data.frame" "[" 
"[[.data.frame" "[[" "[.data.frame" "[" 
"[<-.data.frame" "[<-" 
"all" "[[.data.frame" "[[" "[.data.frame" "[" 
"<Anonymous>" "[[.data.frame" "[[" "[.data.frame" "[" 
"[[.data.frame" "[[" "[.data.frame" "[" 
"[.data.frame" "[" 
"[<-.data.frame" "[<-" 
"[<-.data.frame" "[<-" 
"which" 
"[[" "[.data.frame" "[" 
"[<-.data.frame" "[<-" 
"[[.data.frame" "[[" "[.data.frame" "[" 
"which" 
"%in%" "[[.data.frame" "[[" "[.data.frame" "[" 
"which" 
"[<-.data.frame" "[<-" 
"[<-.data.frame" "[<-" 
"[[" "[.data.frame" "[" 
"[<-.data.frame" "[<-" 
"[[" "[.data.frame" "[" 
".subset2" "<Anonymous>" "[[.data.frame" "[[" "[.data.frame" "[" 
"[<-.data.frame" "[<-" 
"[<-.data.frame" "[<-" 
"[<-.data.frame" "[<-" 
"[<-.data.frame" "[<-" 
"[<-.data.frame" "[<-" 
"which" 
"<Anonymous>" "[[.data.frame" "[[" "[.data.frame" "[" 
"[<-.data.frame" "[<-" 
"[<-.data.frame" "[<-" 
"[<-.data.frame" "[<-" 
"dim" "FUN" "vapply" "[<-.data.frame" "[<-" 
"[[.data.frame" "[[" "[.data.frame" "[" 
"[<-.data.frame" "[<-" 
"$" 
"[[" "[.data.frame" "[" 
"[[.data.frame" "[[" "[.data.frame" "[" 
"[<-.data.frame" "[<-" 
"[<-.data.frame" "[<-" 
"[<-.data.frame" "[<-" 
"[.data.frame" "[" 
"[<-.data.frame" "[<-" 
"which" 
"[<-.data.frame" "[<-" 
"which" 
"[<-.data.frame" "[<-" 
"names" "%in%" "[[.data.frame" "[[" "[.data.frame" "[" 
"[<-.data.frame" "[<-" 
"NROW" "[<-.data.frame" "[<-" 
"[<-.data.frame" "[<-" 
"[<-.data.frame" "[<-" 
"which" 
"[<-.data.frame" "[<-" 
"[[" "[.data.frame" "[" 
"sys.call" "%in%" "[[.data.frame" "[[" "[.data.frame" "[" 
"[[.data.frame" "[[" "[.data.frame" "[" 
"which" 
"[<-.data.frame" "[<-" 
"sys.call" "%in%" "[[.data.frame" "[[" "[.data.frame" "[" 
"[[.data.frame" "[[" "[.data.frame" "[" 
"[<-.data.frame" "[<-" 
"[<-.data.frame" "[<-" 
"sys.call" "%in%" "[[.data.frame" "[[" "[.data.frame" "[" 
"[[" "[.data.frame" "[" 
"[<-.data.frame" "[<-" 
"<Anonymous>" "[[.data.frame" "[[" "[.data.frame" "[" 
"[[" "[.data.frame" "[" 
"<Anonymous>" "[[.data.frame" "[[" "[.data.frame" "[" 
"which" 
"[<-.data.frame" "[<-" 
"[<-.data.frame" "[<-" 
"sys.call" "%in%" "[[.data.frame" "[[" "[.data.frame" "[" 
"sys.call" "%in%" "[[.data.frame" "[[" "[.data.frame" "[" 
"<Anonymous>" "[[.data.frame" "[[" "[.data.frame" "[" 
"[<-.data.frame" "[<-" 
"[" 
"[<-.data.frame" "[<-" 
"which" 
"[[.data.frame" "[[" "[.data.frame" "[" 
"[<-.data.frame" "[<-" 
"[<-.data.frame" "[<-" 
"[<-.data.frame" "[<-" 
"[.data.frame" "[" 
"[<-.data.frame" "[<-" 
"[<-.data.frame" "[<-" 
"<Anonymous>" "[[.data.frame" "[[" "[.data.frame" "[" 
"[<-.data.frame" "[<-" 
"sys.call" "%in%" "[[.data.frame" "[[" "[.data.frame" "[" 
"[<-.data.frame" "[<-" 
"%in%" "[[.data.frame" "[[" "[.data.frame" "[" 
"which" 
"sys.call" "%in%" "[[.data.frame" "[[" "[.data.frame" "[" 
"[<-.data.frame" "[<-" 
"[<-.data.frame" "[<-" 
"[<-.data.frame" "[<-" 
"which" 
"[<-.data.frame" "[<-" 
"sys.call" "%in%" "[[.data.frame" "[[" "[.data.frame" "[" 
"[<-.data.frame" "[<-" 
"[<-.data.frame" "[<-" 
"[<-.data.frame" "[<-" 
"[[" "[.data.frame" "[" 
"anyDuplicated" "[<-.data.frame" "[<-" 
"[[.data.frame" "[[" "[.data.frame" "[" 
"[<-.data.frame" "[<-" 
"which" 
"[<-.data.frame" "[<-" 
"which" 
"[<-.data.frame" "[<-" 
"which" 
"[[" "[.data.frame" "[" 
"[<-.data.frame" "[<-" 
"[[.data.frame" "[[" "[.data.frame" "[" 
"[[.data.frame" "[[" "[.data.frame" "[" 
"[<-.data.frame" "[<-" 
"[.data.frame" "[" 
"which" 
"<Anonymous>" "[[.data.frame" "[[" "[.data.frame" "[" 
"which" 
"[[.data.frame" "[[" "[.data.frame" "[" 
"[<-.data.frame" "[<-" 
"which" 
"paste0" "[<-.data.frame" "[<-" 
"which" 
"[<-.data.frame" "[<-" 
"[<-.data.frame" "[<-" 
"<Anonymous>" "[[.data.frame" "[[" "[.data.frame" "[" 
"[<-.data.frame" "[<-" 
"[<-.data.frame" "[<-" 
"%in%" "[<-.data.frame" "[<-" 
"[<-.data.frame" "[<-" 
"[<-.data.frame" "[<-" 
"<Anonymous>" "[[.data.frame" "[[" "[.data.frame" "[" 
"[<-.data.frame" "[<-" 
".subset2" "<Anonymous>" "[[.data.frame" "[[" "[.data.frame" "[" 
"which" 
"[[" "[.data.frame" "[" 
"<Anonymous>" "[[.data.frame" "[[" "[.data.frame" "[" 
"%in%" "[[.data.frame" "[[" "[.data.frame" "[" 
"[<-.data.frame" "[<-" 
"[<-.data.frame" "[<-" 
"[<-.data.frame" "[<-" 
"which" 
"sys.call" "%in%" "[[.data.frame" "[[" "[.data.frame" "[" 
"which" 
"$" 
"[<-.data.frame" "[<-" 
"[<-.data.frame" "[<-" 
"[[.data.frame" "[[" "[.data.frame" "[" 
"[<-.data.frame" "[<-" 
"sys.call" "%in%" "[[.data.frame" "[[" "[.data.frame" "[" 
"which" 
"[<-.data.frame" "[<-" 
"[<-.data.frame" "[<-" 
"[[" "[.data.frame" "[" 
"[<-.data.frame" "[<-" 
"[<-.data.frame" "[<-" 
"[<-.data.frame" "[<-" 
"[<-.data.frame" "[<-" 
"[<-.data.frame" "[<-" 
"[<-.data.frame" "[<-" 
"dim" "[.data.frame" "[" 
"[<-.data.frame" "[<-" 
"<Anonymous>" "[[.data.frame" "[[" "[.data.frame" "[" 
"[.data.frame" "[" 
"[<-.data.frame" "[<-" 
"[[" "[.data.frame" "[" 
"[<-.data.frame" "[<-" 
"[<-.data.frame" "[<-" 
"[[" "[.data.frame" "[" 
"[<-.data.frame" "[<-" 
"[<-.data.frame" "[<-" 
"%in%" "[[.data.frame" "[[" "[.data.frame" "[" 
"which" 
"[<-.data.frame" "[<-" 
"[[" "[.data.frame" "[" 
"[<-.data.frame" "[<-" 
"[<-.data.frame" "[<-" 
"%in%" "[<-.data.frame" "[<-" 
"[<-.data.frame" "[<-" 
"which" 
"[<-.data.frame" "[<-" 
"[[" "[.data.frame" "[" 
"[<-.data.frame" "[<-" 
"[<-.data.frame" "[<-" 
"which" 
"[<-.data.frame" "[<-" 
"which" 
"[[" "[.data.frame" "[" 
"which" 
"<Anonymous>" "[[.data.frame" "[[" "[.data.frame" "[" 
"[[.data.frame" "[[" "[.data.frame" "[" 
"[[" "[.data.frame" "[" 
"[<-.data.frame" "[<-" 
"[<-.data.frame" "[<-" 
".subset2" "<Anonymous>" "[[.data.frame" "[[" "[.data.frame" "[" 
"[<-.data.frame" "[<-" 
"[<-.data.frame" "[<-" 
"which" 
"[<-.data.frame" "[<-" 
"[<-.data.frame" "[<-" 
"[<-.data.frame" "[<-" 
"<Anonymous>" "[[.data.frame" "[[" "[.data.frame" "[" 
"[<-.data.frame" "[<-" 
"[.data.frame" "[" 
".subset2" "<Anonymous>" "[[.data.frame" "[[" "[.data.frame" "[" 
"[<-.data.frame" "[<-" 
"[<-.data.frame" "[<-" 
"sys.call" "%in%" "[[.data.frame" "[[" "[.data.frame" "[" 
"[[" "[.data.frame" "[" 
"[<-.data.frame" "[<-" 
"[<-.data.frame" "[<-" 
"[.data.frame" "[" 
"%in%" "[[.data.frame" "[[" "[.data.frame" "[" 
"[[.data.frame" "[[" "[.data.frame" "[" 
"<Anonymous>" "[[.data.frame" "[[" "[.data.frame" "[" 
"[.data.frame" "[" 
"which" 
"%in%" "[<-.data.frame" "[<-" 
"paste0" "[<-.data.frame" "[<-" 
"[<-.data.frame" "[<-" 
"sys.call" "%in%" "[[.data.frame" "[[" "[.data.frame" "[" 
"[<-.data.frame" "[<-" 
"[<-.data.frame" "[<-" 
"[[.data.frame" "[[" "[.data.frame" "[" 
"which" 
"<Anonymous>" "[[.data.frame" "[[" "[.data.frame" "[" 
"which" 
"[<-.data.frame" "[<-" 
"[<-.data.frame" "[<-" 
"%in%" "[[.data.frame" "[[" "[.data.frame" "[" 
"[<-.data.frame" "[<-" 
"[<-.data.frame" "[<-" 
"[<-.data.frame" "[<-" 
"[<-.data.frame" "[<-" 
"<Anonymous>" "[[.data.frame" "[[" "[.data.frame" "[" 
"sys.call" "%in%" "[[.data.frame" "[[" "[.data.frame" "[" 
"[<-.data.frame" "[<-" 
"[[" "[.data.frame" "[" 
"[<-.data.frame" "[<-" 
"[<-.data.frame" "[<-" 
"[<-.data.frame" "[<-" 
"[[" "[.data.frame" "[" 
"[<-.data.frame" "[<-" 
"FUN" "vapply" "[<-.data.frame" "[<-" 
".subset2" "<Anonymous>" "[[.data.frame" "[[" "[.data.frame" "[" 
"which" 
"[[" "[.data.frame" "[" 
"[[.data.frame" "[[" "[.data.frame" "[" 
"length" "[.data.frame" "[" 
"<Anonymous>" "[[.data.frame" "[[" "[.data.frame" "[" 
"[.data.frame" "[" 
"sys.call" "%in%" "[[.data.frame" "[[" "[.data.frame" "[" 
"[.data.frame" "[" 
"[<-.data.frame" "[<-" 
"[<-.data.frame" "[<-" 
"[[.data.frame" "[[" "[.data.frame" "[" 
"which" 
"[[.data.frame" "[[" "[.data.frame" "[" 
"%in%" "[[.data.frame" "[[" "[.data.frame" "[" 
"[<-.data.frame" "[<-" 
"[[.data.frame" "[[" "[.data.frame" "[" 
"[<-.data.frame" "[<-" 
"paste0" "[<-.data.frame" "[<-" 
"[.data.frame" "[" 
"[<-.data.frame" "[<-" 
"which" 
"[[" "[.data.frame" "[" 
"[<-.data.frame" "[<-" 
"[<-.data.frame" "[<-" 
"<Anonymous>" "[[.data.frame" "[[" "[.data.frame" "[" 
"which" 
"is.matrix" "<Anonymous>" "[[.data.frame" "[[" "[.data.frame" "[" 
"which" 
"[<-.data.frame" "[<-" 
"<Anonymous>" "[[.data.frame" "[[" "[.data.frame" "[" 
"vapply" "[<-.data.frame" "[<-" 
"[<-.data.frame" "[<-" 
"<Anonymous>" "[[.data.frame" "[[" "[.data.frame" "[" 
"[[.data.frame" "[[" "[.data.frame" "[" 
"[<-.data.frame" "[<-" 
"[<-.data.frame" "[<-" 
"[[.data.frame" "[[" "[.data.frame" "[" 
"which" 
"[<-.data.frame" "[<-" 
"which" 
"[[" "[.data.frame" "[" 
"[<-.data.frame" "[<-" 
"[" 
"[[.data.frame" "[[" "[.data.frame" "[" 
"[<-.data.frame" "[<-" 
"sys.call" "%in%" "[[.data.frame" "[[" "[.data.frame" "[" 
"[.data.frame" "[" 
"[.data.frame" "[" 
"[<-.data.frame" "[<-" 
"[<-.data.frame" "[<-" 
"[[.data.frame" "[[" "[.data.frame" "[" 
"[<-.data.frame" "[<-" 
"which" 
"[[.data.frame" "[[" "[.data.frame" "[" 
"[<-.data.frame" "[<-" 
"sys.call" "%in%" "[[.data.frame" "[[" "[.data.frame" "[" 
"[[.data.frame" "[[" "[.data.frame" "[" 
"sys.call" "%in%" "[[.data.frame" "[[" "[.data.frame" "[" 
"sys.call" "%in%" "[[.data.frame" "[[" "[.data.frame" "[" 
"[[.data.frame" "[[" "[.data.frame" "[" 
"[[.data.frame" "[[" "[.data.frame" "[" 
"[[" "[.data.frame" "[" 
"[<-.data.frame" "[<-" 
"[.data.frame" "[" 
"[<-.data.frame" "[<-" 
".subset2" "<Anonymous>" "[[.data.frame" "[[" "[.data.frame" "[" 
"which" 
"[<-.data.frame" "[<-" 
"which" 
"[[.data.frame" "[[" "[.data.frame" "[" 
"<Anonymous>" "[[.data.frame" "[[" "[.data.frame" "[" 
"which" 
"[<-.data.frame" "[<-" 
"[<-.data.frame" "[<-" 
"which" 
"sys.call" "%in%" "[[.data.frame" "[[" "[.data.frame" "[" 
"dim" "[.data.frame" "[" 
"%in%" "[[.data.frame" "[[" "[.data.frame" "[" 
"[<-.data.frame" "[<-" 
"sys.call" "%in%" "[[.data.frame" "[[" "[.data.frame" "[" 
"[<-.data.frame" "[<-" 
"[<-.data.frame" "[<-" 
"[<-.data.frame" "[<-" 
"$" "which" 
"all" "[[.data.frame" "[[" "[.data.frame" "[" 
"which" 
"which" 
"which" 
"sys.call" "%in%" "[[.data.frame" "[[" "[.data.frame" "[" 
"[[.data.frame" "[[" "[.data.frame" "[" 
"[[" "[.data.frame" "[" 
"sys.call" "%in%" "[[.data.frame" "[[" "[.data.frame" "[" 
"<Anonymous>" "[[.data.frame" "[[" "[.data.frame" "[" 
"[<-.data.frame" "[<-" 
"which" 
"[<-.data.frame" "[<-" 
"[<-.data.frame" "[<-" 
"%in%" "[[.data.frame" "[[" "[.data.frame" "[" 
"[<-.data.frame" "[<-" 
"[<-.data.frame" "[<-" 
"[[.data.frame" "[[" "[.data.frame" "[" 
"[<-.data.frame" "[<-" 
"sys.call" "%in%" "[[.data.frame" "[[" "[.data.frame" "[" 
"%in%" "[[.data.frame" "[[" "[.data.frame" "[" 
"<Anonymous>" "[[.data.frame" "[[" "[.data.frame" "[" 
"[[.data.frame" "[[" "[.data.frame" "[" 
"<Anonymous>" "[[.data.frame" "[[" "[.data.frame" "[" 
"%in%" "[[.data.frame" "[[" "[.data.frame" "[" 
".subset" "[.data.frame" "[" 
"[" 
"<Anonymous>" "[[.data.frame" "[[" "[.data.frame" "[" 
"[<-.data.frame" "[<-" 
"vapply" "[<-.data.frame" "[<-" 
"[[" "[.data.frame" "[" 
"[<-.data.frame" "[<-" 
"all" "[[.data.frame" "[[" "[.data.frame" "[" 
"sys.call" "%in%" "[[.data.frame" "[[" "[.data.frame" "[" 
".subset2" "<Anonymous>" "[[.data.frame" "[[" "[.data.frame" "[" 
"[[" "[.data.frame" "[" 
"[[.data.frame" "[[" "[.data.frame" "[" 
"[<-.data.frame" "[<-" 
"%in%" "[[.data.frame" "[[" "[.data.frame" "[" 
"names" "names" "[.data.frame" "[" 
"%in%" "[[.data.frame" "[[" "[.data.frame" "[" 
"which" 
"[<-.data.frame" "[<-" 
"[" 
"[<-.data.frame" "[<-" 
"[<-.data.frame" "[<-" 
"which" 
"[<-.data.frame" "[<-" 
"[<-.data.frame" "[<-" 
"[<-.data.frame" "[<-" 
"sys.call" "%in%" "[[.data.frame" "[[" "[.data.frame" "[" 
"sys.call" "%in%" "[[.data.frame" "[[" "[.data.frame" "[" 
"<Anonymous>" "[[.data.frame" "[[" "[.data.frame" "[" 
"[<-.data.frame" "[<-" 
"[<-.data.frame" "[<-" 
"[<-.data.frame" "[<-" 
"vapply" "[<-.data.frame" "[<-" 
"[.data.frame" "[" 
"vapply" "[<-.data.frame" "[<-" 
"[.data.frame" "[" 
"sys.call" "%in%" "[[.data.frame" "[[" "[.data.frame" "[" 
"[<-.data.frame" "[<-" 
"which" 
"names" "%in%" "[[.data.frame" "[[" "[.data.frame" "[" 
"paste0" "[<-.data.frame" "[<-" 
"<Anonymous>" "[[.data.frame" "[[" "[.data.frame" "[" 
"[<-.data.frame" "[<-" 
"sys.call" "%in%" "[[.data.frame" "[[" "[.data.frame" "[" 
"[<-.data.frame" "[<-" 
"[<-.data.frame" "[<-" 
"all" "[[.data.frame" "[[" "[.data.frame" "[" 
"[<-.data.frame" "[<-" 
"[[.data.frame" "[[" "[.data.frame" "[" 
"<Anonymous>" "[[.data.frame" "[[" "[.data.frame" "[" 
"[[.data.frame" "[[" "[.data.frame" "[" 
"[<-.data.frame" "[<-" 
"[" 
"which" 
"sys.call" "%in%" "[[.data.frame" "[[" "[.data.frame" "[" 
"[[" "[.data.frame" "[" 
"which" 
".subset" "[.data.frame" "[" 
"[[.data.frame" "[[" "[.data.frame" "[" 
"paste0" "[<-.data.frame" "[<-" 
"[[" "[.data.frame" "[" 
"[<-.data.frame" "[<-" 
"[[" "[.data.frame" "[" 
"%in%" "[[.data.frame" "[[" "[.data.frame" "[" 
"<Anonymous>" "[[.data.frame" "[[" "[.data.frame" "[" 
"[<-.data.frame" "[<-" 
"[[" "[.data.frame" "[" 
"which" 
"%in%" "[[.data.frame" "[[" "[.data.frame" "[" 
"FUN" "vapply" "[<-.data.frame" "[<-" 
"[.data.frame" "[" 
"[[" "[.data.frame" "[" 
"%in%" "[[.data.frame" "[[" "[.data.frame" "[" 
"[<-.data.frame" "[<-" 
"[<-.data.frame" "[<-" 
"[<-.data.frame" "[<-" 
"which" 
"[<-.data.frame" "[<-" 
"[<-" 
"[<-.data.frame" "[<-" 
"[[.data.frame" "[[" "[.data.frame" "[" 
"[<-.data.frame" "[<-" 
"[<-.data.frame" "[<-" 
"which" 
"[<-.data.frame" "[<-" 
"names" "%in%" "[[.data.frame" "[[" "[.data.frame" "[" 
"[<-.data.frame" "[<-" 
"sys.call" "%in%" "[[.data.frame" "[[" "[.data.frame" "[" 
"which" 
"which" 
"which" 
"sys.call" "%in%" "[.data.frame" "[" 
"[[" "[.data.frame" "[" 
"<Anonymous>" "[[.data.frame" "[[" "[.data.frame" "[" 
"[[" "[.data.frame" "[" 
"paste0" "[<-.data.frame" "[<-" 
"[<-.data.frame" "[<-" 
"anyDuplicated" "[.data.frame" "[" 
"[<-.data.frame" "[<-" 
"[<-.data.frame" "[<-" 
"[<-.data.frame" "[<-" 
"[<-.data.frame" "[<-" 
"[<-.data.frame" "[<-" 
"[<-.data.frame" "[<-" 
"[<-.data.frame" "[<-" 
"%in%" "[[.data.frame" "[[" "[.data.frame" "[" 
"[[.data.frame" "[[" "[.data.frame" "[" 
"[<-.data.frame" "[<-" 
"[<-.data.frame" "[<-" 
"[<-.data.frame" "[<-" 
"attr" "[.data.frame" "[" 
"[<-.data.frame" "[<-" 
"[[.data.frame" "[[" "[.data.frame" "[" 
"[.data.frame" "[" 
"[[" "[.data.frame" "[" 
"[[.data.frame" "[[" "[.data.frame" "[" 
"[<-.data.frame" "[<-" 
"[<-.data.frame" "[<-" 
"[<-.data.frame" "[<-" 
"which" 
"[[.data.frame" "[[" "[.data.frame" "[" 
"[<-.data.frame" "[<-" 
"[<-.data.frame" "[<-" 
"<Anonymous>" "[[.data.frame" "[[" "[.data.frame" "[" 
"[.data.frame" "[" 
"[<-.data.frame" "[<-" 
"which" 
"[<-.data.frame" "[<-" 
"%in%" "[[.data.frame" "[[" "[.data.frame" "[" 
"[<-.data.frame" "[<-" 
".row_names_info" "[.data.frame" "[" 
"<Anonymous>" "[[.data.frame" "[[" "[.data.frame" "[" 
"sys.call" "%in%" "[[.data.frame" "[[" "[.data.frame" "[" 
"[<-.data.frame" "[<-" 
"which" 
"<Anonymous>" "[[.data.frame" "[[" "[.data.frame" "[" 
"sys.call" "%in%" "[[.data.frame" "[[" "[.data.frame" "[" 
"which" 
"[<-.data.frame" "[<-" 
"[<-.data.frame" "[<-" 
"[<-.data.frame" "[<-" 
"%in%" "[[.data.frame" "[[" "[.data.frame" "[" 
"[<-.data.frame" "[<-" 
"[<-.data.frame" "[<-" 
"[<-.data.frame" "[<-" 
"[<-.data.frame" "[<-" 
".subset" "[.data.frame" "[" 
"[<-.data.frame" "[<-" 
"<Anonymous>" "[[.data.frame" "[[" "[.data.frame" "[" 
"[.data.frame" "[" 
"[[" "[.data.frame" "[" 
"[.data.frame" "[" 
"[[" "[.data.frame" "[" 
"[<-.data.frame" "[<-" 
"which" 
"[.data.frame" "[" 
"[<-.data.frame" "[<-" 
"paste0" "[<-.data.frame" "[<-" 
"[<-.data.frame" "[<-" 
"[<-.data.frame" "[<-" 
"[<-.data.frame" "[<-" 
"which" 
"[<-.data.frame" "[<-" 
"[<-.data.frame" "[<-" 
"[<-.data.frame" "[<-" 
"%in%" "[.data.frame" "[" 
"[<-.data.frame" "[<-" 
"FUN" "vapply" "[<-.data.frame" "[<-" 
"which" 
"[.data.frame" "[" 
"[<-.data.frame" "[<-" 
"anyDuplicated" "[.data.frame" "[" 
"[.data.frame" "[" 
"[<-.data.frame" "[<-" 
"<Anonymous>" "[[.data.frame" "[[" "[.data.frame" "[" 
"[<-.data.frame" "[<-" 
"[[" "[.data.frame" "[" 
"[<-.data.frame" "[<-" 
"[<-.data.frame" "[<-" 
"[<-.data.frame" "[<-" 
"which" 
"<Anonymous>" "[[.data.frame" "[[" "[.data.frame" "[" 
"which" 
"paste0" "[<-.data.frame" "[<-" 
"[<-.data.frame" "[<-" 
"[<-.data.frame" "[<-" 
"<Anonymous>" "[[.data.frame" "[[" "[.data.frame" "[" 
"[<-.data.frame" "[<-" 
"[.data.frame" "[" 
"[<-.data.frame" "[<-" 
"[<-.data.frame" "[<-" 
"[[.data.frame" "[[" "[.data.frame" "[" 
"%in%" "[[.data.frame" "[[" "[.data.frame" "[" 
"[<-.data.frame" "[<-" 
"which" 
"[[.data.frame" "[[" "[.data.frame" "[" 
"[<-.data.frame" "[<-" 
"[[.data.frame" "[[" "[.data.frame" "[" 
"[<-.data.frame" "[<-" 
"[[" "[.data.frame" "[" 
"<Anonymous>" "[[.data.frame" "[[" "[.data.frame" "[" 
"which" 
"[.data.frame" "[" 
"[[" "[.data.frame" "[" 
"[<-.data.frame" "[<-" 
"[[.data.frame" "[[" "[.data.frame" "[" 
"which" 
"[<-.data.frame" "[<-" 
"[<-.data.frame" "[<-" 
"which" 
"<Anonymous>" "[[.data.frame" "[[" "[.data.frame" "[" 
"[.data.frame" "[" 
"[<-.data.frame" "[<-" 
"which" 
"[<-.data.frame" "[<-" 
"[[.data.frame" "[[" "[.data.frame" "[" 
"[[.data.frame" "[[" "[.data.frame" "[" 
"[[.data.frame" "[[" "[.data.frame" "[" 
"[[" "[.data.frame" "[" 
"[<-.data.frame" "[<-" 
"sys.call" "%in%" "[[.data.frame" "[[" "[.data.frame" "[" 
"%in%" "[<-.data.frame" "[<-" 
"[<-.data.frame" "[<-" 
"[<-.data.frame" "[<-" 
"[<-.data.frame" "[<-" 
"[<-.data.frame" "[<-" 
"sys.call" "%in%" "[<-.data.frame" "[<-" 
"which" 
"[<-.data.frame" "[<-" 
"which" 
"[<-.data.frame" "[<-" 
"which" 
"[[" "[.data.frame" "[" 
"[.data.frame" "[" 
"[<-.data.frame" "[<-" 
"[<-.data.frame" "[<-" 
"[[.data.frame" "[[" "[.data.frame" "[" 
"[<-.data.frame" "[<-" 
"which" 
"[<-.data.frame" "[<-" 
"[<-.data.frame" "[<-" 
"<Anonymous>" "[[.data.frame" "[[" "[.data.frame" "[" 
"[[" "[.data.frame" "[" 
"[<-.data.frame" "[<-" 
"[[.data.frame" "[[" "[.data.frame" "[" 
"[<-.data.frame" "[<-" 
"[<-.data.frame" "[<-" 
"[<-.data.frame" "[<-" 
"<Anonymous>" "[[.data.frame" "[[" "[.data.frame" "[" 
"anyDuplicated.default" "anyDuplicated" "[.data.frame" "[" 
"[<-.data.frame" "[<-" 
"paste0" "[<-.data.frame" "[<-" 
"[<-.data.frame" "[<-" 
"<Anonymous>" "[[.data.frame" "[[" "[.data.frame" "[" 
"[<-.data.frame" "[<-" 
"paste0" "[<-.data.frame" "[<-" 
"[<-" 
"[<-.data.frame" "[<-" 
"[<-.data.frame" "[<-" 
"<Anonymous>" "[[.data.frame" "[[" "[.data.frame" "[" 
"vapply" "[<-.data.frame" "[<-" 
"attr" "[.data.frame" "[" 
"[<-.data.frame" "[<-" 
"[<-.data.frame" "[<-" 
"%in%" "[[.data.frame" "[[" "[.data.frame" "[" 
"[<-.data.frame" "[<-" 
"<Anonymous>" "[[.data.frame" "[[" "[.data.frame" "[" 
"which" 
"[<-.data.frame" "[<-" 
"<Anonymous>" "[[.data.frame" "[[" "[.data.frame" "[" 
"[<-.data.frame" "[<-" 
"[[.data.frame" "[[" "[.data.frame" "[" 
"[<-.data.frame" "[<-" 
"[.data.frame" "[" 
"[<-.data.frame" "[<-" 
"[.data.frame" "[" 
"which" 
"[[.data.frame" "[[" "[.data.frame" "[" 
"[<-.data.frame" "[<-" 
"sys.call" "%in%" "[[.data.frame" "[[" "[.data.frame" "[" 
"[.data.frame" "[" 
"vapply" "[<-.data.frame" "[<-" 
"all" "[[.data.frame" "[[" "[.data.frame" "[" 
"[<-.data.frame" "[<-" 
"[<-.data.frame" "[<-" 
"<Anonymous>" "[[.data.frame" "[[" "[.data.frame" "[" 
".subset2" "<Anonymous>" "[[.data.frame" "[[" "[.data.frame" "[" 
"[<-.data.frame" "[<-" 
"[<-.data.frame" "[<-" 
"[[.data.frame" "[[" "[.data.frame" "[" 
"which" 
"[[" "[.data.frame" "[" 
"sys.call" "%in%" "[[.data.frame" "[[" "[.data.frame" "[" 
"length" "length" "[.data.frame" "[" 
"sys.call" "%in%" "[[.data.frame" "[[" "[.data.frame" "[" 
"is.matrix" "<Anonymous>" "[[.data.frame" "[[" "[.data.frame" "[" 
"[.data.frame" "[" 
"[" 
"[[" "[.data.frame" "[" 
"[<-.data.frame" "[<-" 
"%in%" "[[.data.frame" "[[" "[.data.frame" "[" 
"[<-.data.frame" "[<-" 
"[<-.data.frame" "[<-" 
"[<-.data.frame" "[<-" 
"[<-.data.frame" "[<-" 
"[<-.data.frame" "[<-" 
"[<-.data.frame" "[<-" 
"which" 
"[<-.data.frame" "[<-" 
"[<-.data.frame" "[<-" 
"[[.data.frame" "[[" "[.data.frame" "[" 
"[<-.data.frame" "[<-" 
"sys.call" "%in%" "[[.data.frame" "[[" "[.data.frame" "[" 
"[[.data.frame" "[[" "[.data.frame" "[" 
"sys.call" "%in%" "[[.data.frame" "[[" "[.data.frame" "[" 
"%in%" "[[.data.frame" "[[" "[.data.frame" "[" 
"[<-.data.frame" "[<-" 
"[<-.data.frame" "[<-" 
"which" 
"[.data.frame" "[" 
"which" 
"[[.data.frame" "[[" "[.data.frame" "[" 
"[<-.data.frame" "[<-" 
"[<-.data.frame" "[<-" 
"[<-.data.frame" "[<-" 
"which" 
"[[.data.frame" "[[" "[.data.frame" "[" 
"<Anonymous>" "[[.data.frame" "[[" "[.data.frame" "[" 
"length" "[.data.frame" "[" 
"[<-.data.frame" "[<-" 
"which" 
"[<-" 
"[[" "[.data.frame" "[" 
"[<-.data.frame" "[<-" 
"[<-.data.frame" "[<-" 
"sys.call" "%in%" "[[.data.frame" "[[" "[.data.frame" "[" 
"names" "%in%" "[[.data.frame" "[[" "[.data.frame" "[" 
"[<-.data.frame" "[<-" 
"<Anonymous>" "[[.data.frame" "[[" "[.data.frame" "[" 
"[<-.data.frame" "[<-" 
"[<-.data.frame" "[<-" 
"[<-.data.frame" "[<-" 
"[<-.data.frame" "[<-" 
"which" 
"[.data.frame" "[" 
"[" 
"which" 
"<Anonymous>" "[[.data.frame" "[[" "[.data.frame" "[" 
"which" 
"[<-.data.frame" "[<-" 
"[<-.data.frame" "[<-" 
"[[.data.frame" "[[" "[.data.frame" "[" 
"sys.call" "%in%" "[[.data.frame" "[[" "[.data.frame" "[" 
"sys.call" "%in%" "[[.data.frame" "[[" "[.data.frame" "[" 
"<Anonymous>" "[[.data.frame" "[[" "[.data.frame" "[" 
"[<-.data.frame" "[<-" 
"dim" "[<-.data.frame" "[<-" 
"nargs" "[[.data.frame" "[[" "[.data.frame" "[" 
"which" 
"[<-.data.frame" "[<-" 
"which" 
"%in%" "[[.data.frame" "[[" "[.data.frame" "[" 
"[<-.data.frame" "[<-" 
"[<-.data.frame" "[<-" 
"[<-.data.frame" "[<-" 
"dim" "[.data.frame" "[" 
"[<-.data.frame" "[<-" 
"[<-.data.frame" "[<-" 
"[<-.data.frame" "[<-" 
"%in%" "[[.data.frame" "[[" "[.data.frame" "[" 
"which" 
"[<-.data.frame" "[<-" 
"<Anonymous>" "[[.data.frame" "[[" "[.data.frame" "[" 
"paste0" "[<-.data.frame" "[<-" 
"sys.call" "%in%" "[[.data.frame" "[[" "[.data.frame" "[" 
"dim" "FUN" "vapply" "[<-.data.frame" "[<-" 
"[<-.data.frame" "[<-" 
"[[.data.frame" "[[" "[.data.frame" "[" 
"[[.data.frame" "[[" "[.data.frame" "[" 
"all" "[[.data.frame" "[[" "[.data.frame" "[" 
"[<-.data.frame" "[<-" 
"[<-.data.frame" "[<-" 
"[.data.frame" "[" 
"[<-.data.frame" "[<-" 
"all" "[.data.frame" "[" 
"[[.data.frame" "[[" "[.data.frame" "[" 
"%in%" "[[.data.frame" "[[" "[.data.frame" "[" 
"paste0" "[<-.data.frame" "[<-" 
"[<-.data.frame" "[<-" 
"[[" "[.data.frame" "[" 
"[<-.data.frame" "[<-" 
"sys.call" "%in%" "[[.data.frame" "[[" "[.data.frame" "[" 
"[<-.data.frame" "[<-" 
"[[.data.frame" "[[" "[.data.frame" "[" 
"[<-.data.frame" "[<-" 
"[[" "[.data.frame" "[" 
"[<-.data.frame" "[<-" 
"%in%" "[[.data.frame" "[[" "[.data.frame" "[" 
"[<-.data.frame" "[<-" 
"[<-.data.frame" "[<-" 
"[<-.data.frame" "[<-" 
"[<-.data.frame" "[<-" 
"%in%" "[[.data.frame" "[[" "[.data.frame" "[" 
"[[.data.frame" "[[" "[.data.frame" "[" 
"[<-.data.frame" "[<-" 
"[.data.frame" "[" 
"sys.call" "%in%" "[[.data.frame" "[[" "[.data.frame" "[" 
"[[.data.frame" "[[" "[.data.frame" "[" 
"[<-.data.frame" "[<-" 
"[<-.data.frame" "[<-" 
"[<-.data.frame" "[<-" 
"[<-.data.frame" "[<-" 
"[.data.frame" "[" 
"which" 
"<Anonymous>" "[[.data.frame" "[[" "[.data.frame" "[" 
"[<-.data.frame" "[<-" 
"[<-.data.frame" "[<-" 
"[<-.data.frame" "[<-" 
"all" "[[.data.frame" "[[" "[.data.frame" "[" 
"[<-.data.frame" "[<-" 
"names" "%in%" "[[.data.frame" "[[" "[.data.frame" "[" 
"[<-.data.frame" "[<-" 
"which" 
"[<-.data.frame" "[<-" 
"which" 
"sys.call" "%in%" "[[.data.frame" "[[" "[.data.frame" "[" 
"[<-" 
"[[.data.frame" "[[" "[.data.frame" "[" 
"[[" "[.data.frame" "[" 
"<Anonymous>" "[[.data.frame" "[[" "[.data.frame" "[" 
"which" 
"[<-.data.frame" "[<-" 
"[<-.data.frame" "[<-" 
"length" "[.data.frame" "[" 
"[<-.data.frame" "[<-" 
"which" 
"[<-.data.frame" "[<-" 
"[<-.data.frame" "[<-" 
"[<-.data.frame" "[<-" 
"[<-.data.frame" "[<-" 
"[<-.data.frame" "[<-" 
"[<-.data.frame" "[<-" 
"[<-.data.frame" "[<-" 
"[<-.data.frame" "[<-" 
"which" 
"[.data.frame" "[" 
"[[.data.frame" "[[" "[.data.frame" "[" 
"[.data.frame" "[" 
"[.data.frame" "[" 
"nargs" "[[.data.frame" "[[" "[.data.frame" "[" 
"[[.data.frame" "[[" "[.data.frame" "[" 
"sys.call" "%in%" "[[.data.frame" "[[" "[.data.frame" "[" 
"which" 
"<Anonymous>" "[[.data.frame" "[[" "[.data.frame" "[" 
"which" 
"[<-.data.frame" "[<-" 
"which" 
"[[.data.frame" "[[" "[.data.frame" "[" 
"which" 
"[<-.data.frame" "[<-" 
"paste0" "[<-.data.frame" "[<-" 
"[<-.data.frame" "[<-" 
"sys.call" "%in%" "[[.data.frame" "[[" "[.data.frame" "[" 
"[<-.data.frame" "[<-" 
"[<-.data.frame" "[<-" 
"[<-.data.frame" "[<-" 
"[<-.data.frame" "[<-" 
"%in%" "[[.data.frame" "[[" "[.data.frame" "[" 
"<Anonymous>" "[[.data.frame" "[[" "[.data.frame" "[" 
"[<-.data.frame" "[<-" 
"[<-.data.frame" "[<-" 
"[[.data.frame" "[[" "[.data.frame" "[" 
"all" "[[.data.frame" "[[" "[.data.frame" "[" 
"[<-.data.frame" "[<-" 
"which" 
"[[.data.frame" "[[" "[.data.frame" "[" 
"which" 
"sys.call" "%in%" "[[.data.frame" "[[" "[.data.frame" "[" 
".subset2" "<Anonymous>" "[[.data.frame" "[[" "[.data.frame" "[" 
"sys.call" "%in%" "[[.data.frame" "[[" "[.data.frame" "[" 
"c" "[<-.data.frame" "[<-" 
"[<-.data.frame" "[<-" 
"[.data.frame" "[" 
"[<-.data.frame" "[<-" 
"[[" "[.data.frame" "[" 
"[.data.frame" "[" 
"sys.call" "%in%" "[[.data.frame" "[[" "[.data.frame" "[" 
"[[" "[.data.frame" "[" 
"<Anonymous>" "[[.data.frame" "[[" "[.data.frame" "[" 
"names" "%in%" "[[.data.frame" "[[" "[.data.frame" "[" 
"[[" "[.data.frame" "[" 
"which" 
"<Anonymous>" "[[.data.frame" "[[" "[.data.frame" "[" 
"%in%" "[[.data.frame" "[[" "[.data.frame" "[" 
"[<-.data.frame" "[<-" 
"[<-.data.frame" "[<-" 
"which" 
"[<-.data.frame" "[<-" 
"which" 
"[<-.data.frame" "[<-" 
"[<-.data.frame" "[<-" 
"[<-.data.frame" "[<-" 
"all" "[[.data.frame" "[[" "[.data.frame" "[" 
"sys.call" "%in%" "[[.data.frame" "[[" "[.data.frame" "[" 
"%in%" "[[.data.frame" "[[" "[.data.frame" "[" 
"[<-.data.frame" "[<-" 
"[[" "[.data.frame" "[" 
"[<-.data.frame" "[<-" 
"[<-.data.frame" "[<-" 
"[<-.data.frame" "[<-" 
"<Anonymous>" "[[.data.frame" "[[" "[.data.frame" "[" 
"which" 
"[<-.data.frame" "[<-" 
"which" 
"[<-.data.frame" "[<-" 
"<Anonymous>" "[[.data.frame" "[[" "[.data.frame" "[" 
"sys.call" "%in%" "[[.data.frame" "[[" "[.data.frame" "[" 
"[<-.data.frame" "[<-" 
"[<-.data.frame" "[<-" 
"[[.data.frame" "[[" "[.data.frame" "[" 
"[<-.data.frame" "[<-" 
"[<-.data.frame" "[<-" 
"[.data.frame" "[" 
"[<-.data.frame" "[<-" 
"sys.call" "%in%" "[[.data.frame" "[[" "[.data.frame" "[" 
"which" 
".subset2" "<Anonymous>" "[[.data.frame" "[[" "[.data.frame" "[" 
"[<-.data.frame" "[<-" 
"[<-.data.frame" "[<-" 
"[[" "[.data.frame" "[" 
"[<-.data.frame" "[<-" 
"[<-.data.frame" "[<-" 
"[<-.data.frame" "[<-" 
"[[.data.frame" "[[" "[.data.frame" "[" 
"[<-.data.frame" "[<-" 
"[<-.data.frame" "[<-" 
"[<-.data.frame" "[<-" 
"[<-.data.frame" "[<-" 
"[<-.data.frame" "[<-" 
"[[.data.frame" "[[" "[.data.frame" "[" 
"[<-.data.frame" "[<-" 
"[<-.data.frame" "[<-" 
"<Anonymous>" "[[.data.frame" "[[" "[.data.frame" "[" 
"[<-.data.frame" "[<-" 
"%in%" "[[.data.frame" "[[" "[.data.frame" "[" 
"which" 
"sys.call" "%in%" "[[.data.frame" "[[" "[.data.frame" "[" 
"[<-.data.frame" "[<-" 
"which" 
"sys.call" "%in%" "[[.data.frame" "[[" "[.data.frame" "[" 
"%in%" "[[.data.frame" "[[" "[.data.frame" "[" 
"which" 
"[<-.data.frame" "[<-" 
"[.data.frame" "[" 
"%in%" "[[.data.frame" "[[" "[.data.frame" "[" 
"[<-.data.frame" "[<-" 
"which" 
"all" "[[.data.frame" "[[" "[.data.frame" "[" 
"which" 
"[[.data.frame" "[[" "[.data.frame" "[" 
"[<-.data.frame" "[<-" 
"which" 
"[<-.data.frame" "[<-" 
"which" 
"[<-.data.frame" "[<-" 
"sys.call" "%in%" "[[.data.frame" "[[" "[.data.frame" "[" 
"[<-.data.frame" "[<-" 
"[<-.data.frame" "[<-" 
"[<-.data.frame" "[<-" 
"vapply" "[<-.data.frame" "[<-" 
"[[.data.frame" "[[" "[.data.frame" "[" 
"[<-.data.frame" "[<-" 
"%in%" "[[.data.frame" "[[" "[.data.frame" "[" 
"sys.call" "%in%" "[[.data.frame" "[[" "[.data.frame" "[" 
"sys.call" "%in%" "[[.data.frame" "[[" "[.data.frame" "[" 
"all" "[[.data.frame" "[[" "[.data.frame" "[" 
"[[" "[.data.frame" "[" 
"which" 
"[<-.data.frame" "[<-" 
"[<-.data.frame" "[<-" 
"vapply" "[<-.data.frame" "[<-" 
"[<-.data.frame" "[<-" 
"[<-.data.frame" "[<-" 
"anyDuplicated" "[<-.data.frame" "[<-" 
"[[" "[.data.frame" "[" 
"[<-.data.frame" "[<-" 
"[[.data.frame" "[[" "[.data.frame" "[" 
"<Anonymous>" "[[.data.frame" "[[" "[.data.frame" "[" 
"<Anonymous>" "[[.data.frame" "[[" "[.data.frame" "[" 
"which" 
"[[.data.frame" "[[" "[.data.frame" "[" 
"[[.data.frame" "[[" "[.data.frame" "[" 
"[<-.data.frame" "[<-" 
"sys.call" "%in%" "[[.data.frame" "[[" "[.data.frame" "[" 
"[<-.data.frame" "[<-" 
"[<-.data.frame" "[<-" 
"[<-.data.frame" "[<-" 
"sys.call" "%in%" "[[.data.frame" "[[" "[.data.frame" "[" 
"[<-.data.frame" "[<-" 
"[<-.data.frame" "[<-" 
"[<-.data.frame" "[<-" 
"sys.call" "%in%" "[[.data.frame" "[[" "[.data.frame" "[" 
"[<-.data.frame" "[<-" 
"which" 
"[<-.data.frame" "[<-" 
"[<-.data.frame" "[<-" 
"[<-.data.frame" "[<-" 
"[<-.data.frame" "[<-" 
"[<-.data.frame" "[<-" 
"[[.data.frame" "[[" "[.data.frame" "[" 
"[[.data.frame" "[[" "[.data.frame" "[" 
"[<-.data.frame" "[<-" 
"[<-.data.frame" "[<-" 
"which" 
"[<-.data.frame" "[<-" 
"%in%" "[[.data.frame" "[[" "[.data.frame" "[" 
"sys.call" "%in%" "[[.data.frame" "[[" "[.data.frame" "[" 
"[<-.data.frame" "[<-" 
"which" 
"[<-.data.frame" "[<-" 
"[<-.data.frame" "[<-" 
"[<-.data.frame" "[<-" 
"paste0" "[<-.data.frame" "[<-" 
"[<-.data.frame" "[<-" 
"[<-.data.frame" "[<-" 
"length" "[.data.frame" "[" 
"[[.data.frame" "[[" "[.data.frame" "[" 
"names" "%in%" "[[.data.frame" "[[" "[.data.frame" "[" 
"which" 
"nargs" "[<-.data.frame" "[<-" 
"[<-.data.frame" "[<-" 
"[[.data.frame" "[[" "[.data.frame" "[" 
"sys.call" "%in%" "[[.data.frame" "[[" "[.data.frame" "[" 
"names" "%in%" "[[.data.frame" "[[" "[.data.frame" "[" 
"[.data.frame" "[" 
"[<-.data.frame" "[<-" 
"vapply" "[<-.data.frame" "[<-" 
"%in%" "[[.data.frame" "[[" "[.data.frame" "[" 
"[<-.data.frame" "[<-" 
"[<-.data.frame" "[<-" 
"[<-.data.frame" "[<-" 
"[<-.data.frame" "[<-" 
"[<-.data.frame" "[<-" 
"[<-.data.frame" "[<-" 
"[<-.data.frame" "[<-" 
"%in%" "[[.data.frame" "[[" "[.data.frame" "[" 
"[<-.data.frame" "[<-" 
"sys.call" "%in%" "[[.data.frame" "[[" "[.data.frame" "[" 
"names" "%in%" "[[.data.frame" "[[" "[.data.frame" "[" 
"[<-.data.frame" "[<-" 
"which" 
"[.data.frame" "[" 
"[.data.frame" "[" 
"%in%" "[[.data.frame" "[[" "[.data.frame" "[" 
"which" 
"[.data.frame" "[" 
"[[" "[.data.frame" "[" 
"[<-.data.frame" "[<-" 
"sys.call" "%in%" "[[.data.frame" "[[" "[.data.frame" "[" 
"sys.call" "%in%" "[[.data.frame" "[[" "[.data.frame" "[" 
"[<-.data.frame" "[<-" 
"[<-.data.frame" "[<-" 
"sys.call" "%in%" "[[.data.frame" "[[" "[.data.frame" "[" 
"[<-.data.frame" "[<-" 
"[[" "[.data.frame" "[" 
"which" 
"[[" "[.data.frame" "[" 
"which" 
"<Anonymous>" "[[.data.frame" "[[" "[.data.frame" "[" 
"[<-.data.frame" "[<-" 
"[[" "[.data.frame" "[" 
"[<-.data.frame" "[<-" 
"[<-.data.frame" "[<-" 
"[[.data.frame" "[[" "[.data.frame" "[" 
"[<-.data.frame" "[<-" 
"[<-.data.frame" "[<-" 
"[[.data.frame" "[[" "[.data.frame" "[" 
"which" 
"paste0" "[<-.data.frame" "[<-" 
"[<-.data.frame" "[<-" 
"[[.data.frame" "[[" "[.data.frame" "[" 
"[<-.data.frame" "[<-" 
"[.data.frame" "[" 
"[<-.data.frame" "[<-" 
"[.data.frame" "[" 
"[<-.data.frame" "[<-" 
"[[.data.frame" "[[" "[.data.frame" "[" 
"which" 
".subset2" "<Anonymous>" "[[.data.frame" "[[" "[.data.frame" "[" 
"[[" "[.data.frame" "[" 
"[[.data.frame" "[[" "[.data.frame" "[" 
"[<-.data.frame" "[<-" 
"nargs" "[[.data.frame" "[[" "[.data.frame" "[" 
"[<-.data.frame" "[<-" 
"[<-.data.frame" "[<-" 
"<Anonymous>" "[[.data.frame" "[[" "[.data.frame" "[" 
"[<-.data.frame" "[<-" 
"sys.call" "%in%" "[<-.data.frame" "[<-" 
"[<-.data.frame" "[<-" 
"<Anonymous>" "[[.data.frame" "[[" "[.data.frame" "[" 
"[<-.data.frame" "[<-" 
"[<-.data.frame" "[<-" 
".subset2" "<Anonymous>" "[[.data.frame" "[[" "[.data.frame" "[" 
"[<-.data.frame" "[<-" 
"<Anonymous>" "[[.data.frame" "[[" "[.data.frame" "[" 
"[<-.data.frame" "[<-" 
"which" 
"[<-.data.frame" "[<-" 
"[<-.data.frame" "[<-" 
"vapply" "[<-.data.frame" "[<-" 
"[<-.data.frame" "[<-" 
"[<-.data.frame" "[<-" 
"[[.data.frame" "[[" "[.data.frame" "[" 
"which" 
"[<-.data.frame" "[<-" 
"[<-.data.frame" "[<-" 
"[<-.data.frame" "[<-" 
"which" 
"[<-.data.frame" "[<-" 
"[<-.data.frame" "[<-" 
"[<-.data.frame" "[<-" 
"FUN" "vapply" "[<-.data.frame" "[<-" 
"[<-.data.frame" "[<-" 
"[.data.frame" "[" 
"[[" "[.data.frame" "[" 
"[.data.frame" "[" 
"which" 
"[<-.data.frame" "[<-" 
"[<-.data.frame" "[<-" 
"[.data.frame" "[" 
"%in%" "[[.data.frame" "[[" "[.data.frame" "[" 
"[[" "[.data.frame" "[" 
"%in%" "[[.data.frame" "[[" "[.data.frame" "[" 
"[<-.data.frame" "[<-" 
"[<-.data.frame" "[<-" 
"FUN" "vapply" "[<-.data.frame" "[<-" 
"[.data.frame" "[" 
"which" 
"<Anonymous>" "[[.data.frame" "[[" "[.data.frame" "[" 
"[<-.data.frame" "[<-" 
"[<-.data.frame" "[<-" 
"[<-" 
"[[" "[.data.frame" "[" 
"[.data.frame" "[" 
"[<-.data.frame" "[<-" 
"length" "[.data.frame" "[" 
"[<-.data.frame" "[<-" 
"which" 
"[.data.frame" "[" 
"[[.data.frame" "[[" "[.data.frame" "[" 
"[<-" 
"<Anonymous>" "[[.data.frame" "[[" "[.data.frame" "[" 
"[<-.data.frame" "[<-" 
"[[.data.frame" "[[" "[.data.frame" "[" 
"[<-.data.frame" "[<-" 
"FUN" "vapply" "[<-.data.frame" "[<-" 
"[[" "[.data.frame" "[" 
"which" 
"[<-.data.frame" "[<-" 
"[<-.data.frame" "[<-" 
"[<-.data.frame" "[<-" 
"[<-.data.frame" "[<-" 
"[<-.data.frame" "[<-" 
"%in%" "[[.data.frame" "[[" "[.data.frame" "[" 
"nargs" "[[.data.frame" "[[" "[.data.frame" "[" 
"which" 
"[<-.data.frame" "[<-" 
"[<-.data.frame" "[<-" 
"[<-.data.frame" "[<-" 
"[<-.data.frame" "[<-" 
"[[" "[.data.frame" "[" 
"[[" "[.data.frame" "[" 
"[<-.data.frame" "[<-" 
"[[" "[.data.frame" "[" 
"sys.call" "%in%" "[[.data.frame" "[[" "[.data.frame" "[" 
"sys.call" "%in%" "[[.data.frame" "[[" "[.data.frame" "[" 
"[[.data.frame" "[[" "[.data.frame" "[" 
"<Anonymous>" "[[.data.frame" "[[" "[.data.frame" "[" 
"[[.data.frame" "[[" "[.data.frame" "[" 
"[<-.data.frame" "[<-" 
"[<-.data.frame" "[<-" 
"[<-.data.frame" "[<-" 
"which" 
"[<-.data.frame" "[<-" 
"which" 
"%in%" "[[.data.frame" "[[" "[.data.frame" "[" 
"[[" "[.data.frame" "[" 
"[<-.data.frame" "[<-" 
"[<-.data.frame" "[<-" 
"[<-.data.frame" "[<-" 
"[.data.frame" "[" 
"sys.call" "%in%" "[[.data.frame" "[[" "[.data.frame" "[" 
"all" "[[.data.frame" "[[" "[.data.frame" "[" 
"anyDuplicated.default" "anyDuplicated" "[<-.data.frame" "[<-" 
"[<-.data.frame" "[<-" 
"[<-.data.frame" "[<-" 
"which" 
"[[.data.frame" "[[" "[.data.frame" "[" 
"[<-.data.frame" "[<-" 
"[[" "[.data.frame" "[" 
"[<-.data.frame" "[<-" 
"%in%" "[[.data.frame" "[[" "[.data.frame" "[" 
"[<-.data.frame" "[<-" 
"which" 
"[<-.data.frame" "[<-" 
"[<-.data.frame" "[<-" 
"sys.call" "%in%" "[[.data.frame" "[[" "[.data.frame" "[" 
"sys.call" "%in%" "[[.data.frame" "[[" "[.data.frame" "[" 
"[<-.data.frame" "[<-" 
"[<-.data.frame" "[<-" 
"%in%" "[<-.data.frame" "[<-" 
"sys.call" "%in%" "[[.data.frame" "[[" "[.data.frame" "[" 
"sys.call" "%in%" "[[.data.frame" "[[" "[.data.frame" "[" 
"[.data.frame" "[" 
"[<-.data.frame" "[<-" 
"[<-.data.frame" "[<-" 
"[<-.data.frame" "[<-" 
"[<-.data.frame" "[<-" 
"[<-.data.frame" "[<-" 
"[<-.data.frame" "[<-" 
"[<-.data.frame" "[<-" 
"[<-.data.frame" "[<-" 
"which" 
"[<-.data.frame" "[<-" 
"<Anonymous>" "[[.data.frame" "[[" "[.data.frame" "[" 
"%in%" "[[.data.frame" "[[" "[.data.frame" "[" 
"[[.data.frame" "[[" "[.data.frame" "[" 
"[[.data.frame" "[[" "[.data.frame" "[" 
"[<-.data.frame" "[<-" 
"[<-.data.frame" "[<-" 
"[<-.data.frame" "[<-" 
"sys.call" "%in%" "[[.data.frame" "[[" "[.data.frame" "[" 
"[<-.data.frame" "[<-" 
"[<-.data.frame" "[<-" 
"names" "%in%" "[[.data.frame" "[[" "[.data.frame" "[" 
"which" 
"names" "%in%" "[[.data.frame" "[[" "[.data.frame" "[" 
"which" 
".subset2" "<Anonymous>" "[[.data.frame" "[[" "[.data.frame" "[" 
"[<-.data.frame" "[<-" 
"[<-.data.frame" "[<-" 
"[<-.data.frame" "[<-" 
"[<-" 
"dim" "[.data.frame" "[" 
"<Anonymous>" "[[.data.frame" "[[" "[.data.frame" "[" 
"<Anonymous>" "[[.data.frame" "[[" "[.data.frame" "[" 
"all" "[[.data.frame" "[[" "[.data.frame" "[" 
"[[.data.frame" "[[" "[.data.frame" "[" 
"[.data.frame" "[" 
"anyDuplicated" "[<-.data.frame" "[<-" 
"anyDuplicated" "[.data.frame" "[" 
"[<-.data.frame" "[<-" 
"%in%" "[[.data.frame" "[[" "[.data.frame" "[" 
"which" 
".subset" "[.data.frame" "[" 
"[<-.data.frame" "[<-" 
"[<-.data.frame" "[<-" 
"[[.data.frame" "[[" "[.data.frame" "[" 
"[<-.data.frame" "[<-" 
"[<-.data.frame" "[<-" 
"[<-.data.frame" "[<-" 
"[<-.data.frame" "[<-" 
"[<-.data.frame" "[<-" 
"[<-.data.frame" "[<-" 
"[<-.data.frame" "[<-" 
"paste0" "[<-.data.frame" "[<-" 
"[.data.frame" "[" 
"[.data.frame" "[" 
"[<-.data.frame" "[<-" 
"[.data.frame" "[" 
"vapply" "[<-.data.frame" "[<-" 
"<Anonymous>" "[[.data.frame" "[[" "[.data.frame" "[" 
"sys.call" "%in%" "[[.data.frame" "[[" "[.data.frame" "[" 
"which" 
"%in%" "[[.data.frame" "[[" "[.data.frame" "[" 
"<Anonymous>" "[[.data.frame" "[[" "[.data.frame" "[" 
"[<-.data.frame" "[<-" 
"[[" "[.data.frame" "[" 
"[<-.data.frame" "[<-" 
"[<-.data.frame" "[<-" 
"[<-.data.frame" "[<-" 
"[<-.data.frame" "[<-" 
"<Anonymous>" "[[.data.frame" "[[" "[.data.frame" "[" 
"[.data.frame" "[" 
"[<-.data.frame" "[<-" 
"[[" "[.data.frame" "[" 
"[[.data.frame" "[[" "[.data.frame" "[" 
"<Anonymous>" "[[.data.frame" "[[" "[.data.frame" "[" 
"[<-.data.frame" "[<-" 
"[[" "[.data.frame" "[" 
"all" "[[.data.frame" "[[" "[.data.frame" "[" 
"[[.data.frame" "[[" "[.data.frame" "[" 
"[<-" 
"[<-.data.frame" "[<-" 
"which" 
"[<-.data.frame" "[<-" 
"[<-.data.frame" "[<-" 
"paste0" "[<-.data.frame" "[<-" 
"[.data.frame" "[" 
"[<-.data.frame" "[<-" 
"[<-.data.frame" "[<-" 
"[<-.data.frame" "[<-" 
"sys.call" "%in%" "[[.data.frame" "[[" "[.data.frame" "[" 
"[.data.frame" "[" 
"length" "length" "[<-.data.frame" "[<-" 
"<Anonymous>" "[[.data.frame" "[[" "[.data.frame" "[" 
"which" 
"[<-.data.frame" "[<-" 
"[[" "[.data.frame" "[" 
"<Anonymous>" "[[.data.frame" "[[" "[.data.frame" "[" 
"[<-.data.frame" "[<-" 
"[<-.data.frame" "[<-" 
"sys.call" "%in%" "[[.data.frame" "[[" "[.data.frame" "[" 
"[<-.data.frame" "[<-" 
"[<-.data.frame" "[<-" 
"%in%" "[[.data.frame" "[[" "[.data.frame" "[" 
"[<-.data.frame" "[<-" 
"anyDuplicated" "[.data.frame" "[" 
"[[.data.frame" "[[" "[.data.frame" "[" 
"sys.call" "%in%" "[[.data.frame" "[[" "[.data.frame" "[" 
"[.data.frame" "[" 
"[<-.data.frame" "[<-" 
"sys.call" "%in%" "[[.data.frame" "[[" "[.data.frame" "[" 
"[<-.data.frame" "[<-" 
"[.data.frame" "[" 
"[[.data.frame" "[[" "[.data.frame" "[" 
"[<-.data.frame" "[<-" 
"which" 
"sys.call" "%in%" "[[.data.frame" "[[" "[.data.frame" "[" 
"[.data.frame" "[" 
"[<-.data.frame" "[<-" 
"[<-.data.frame" "[<-" 
"[<-.data.frame" "[<-" 
"%in%" "[[.data.frame" "[[" "[.data.frame" "[" 
"[<-.data.frame" "[<-" 
"which" 
"[[" "[.data.frame" "[" 
"[<-.data.frame" "[<-" 
"[[.data.frame" "[[" "[.data.frame" "[" 
"[<-.data.frame" "[<-" 
"[<-.data.frame" "[<-" 
"[<-.data.frame" "[<-" 
"[" 
"[.data.frame" "[" 
"which" 
"[.data.frame" "[" 
"sys.call" "%in%" "[[.data.frame" "[[" "[.data.frame" "[" 
"[.data.frame" "[" 
"[<-.data.frame" "[<-" 
"which" 
"%in%" "[[.data.frame" "[[" "[.data.frame" "[" 
"[<-.data.frame" "[<-" 
"[[.data.frame" "[[" "[.data.frame" "[" 
"which" 
"[<-.data.frame" "[<-" 
"[<-.data.frame" "[<-" 
"paste0" "[<-.data.frame" "[<-" 
"[[" "[.data.frame" "[" 
"which" 
"[<-.data.frame" "[<-" 
"sys.call" "%in%" "[.data.frame" "[" 
"[<-.data.frame" "[<-" 
"sys.call" "%in%" "[[.data.frame" "[[" "[.data.frame" "[" 
".subset" "[.data.frame" "[" 
"sys.call" "%in%" "[[.data.frame" "[[" "[.data.frame" "[" 
"[<-.data.frame" "[<-" 
"[.data.frame" "[" 
"[[.data.frame" "[[" "[.data.frame" "[" 
"[<-.data.frame" "[<-" 
"[<-.data.frame" "[<-" 
"sys.call" "%in%" "[[.data.frame" "[[" "[.data.frame" "[" 
"[<-" 
"[<-.data.frame" "[<-" 
"[[.data.frame" "[[" "[.data.frame" "[" 
"[<-.data.frame" "[<-" 
"[<-.data.frame" "[<-" 
"which" 
"[[.data.frame" "[[" "[.data.frame" "[" 
"all" "[[.data.frame" "[[" "[.data.frame" "[" 
"which" 
"[<-.data.frame" "[<-" 
"[<-.data.frame" "[<-" 
"[<-.data.frame" "[<-" 
"[[" "[.data.frame" "[" 
"[<-.data.frame" "[<-" 
"[[" "[.data.frame" "[" 
"which" 
"<Anonymous>" "[[.data.frame" "[[" "[.data.frame" "[" 
"which" 
"[[.data.frame" "[[" "[.data.frame" "[" 
"<Anonymous>" "[[.data.frame" "[[" "[.data.frame" "[" 
"which" 
"anyDuplicated" "[<-.data.frame" "[<-" 
"[<-.data.frame" "[<-" 
"[[.data.frame" "[[" "[.data.frame" "[" 
"%in%" "[[.data.frame" "[[" "[.data.frame" "[" 
"<Anonymous>" "[[.data.frame" "[[" "[.data.frame" "[" 
"[<-.data.frame" "[<-" 
"[.data.frame" "[" 
"[<-.data.frame" "[<-" 
"which" 
"[[" "[.data.frame" "[" 
"[[.data.frame" "[[" "[.data.frame" "[" 
"[[.data.frame" "[[" "[.data.frame" "[" 
"[[.data.frame" "[[" "[.data.frame" "[" 
"sys.call" "%in%" "[[.data.frame" "[[" "[.data.frame" "[" 
"[<-.data.frame" "[<-" 
"which" 
"[<-.data.frame" "[<-" 
"[<-.data.frame" "[<-" 
"<Anonymous>" "[[.data.frame" "[[" "[.data.frame" "[" 
"[<-.data.frame" "[<-" 
"[[" "[.data.frame" "[" 
"[<-.data.frame" "[<-" 
"which" 
"[<-.data.frame" "[<-" 
"[[" "[.data.frame" "[" 
"sys.call" "%in%" "[[.data.frame" "[[" "[.data.frame" "[" 
"[<-.data.frame" "[<-" 
"which" 
"[<-.data.frame" "[<-" 
"sys.call" "%in%" "[[.data.frame" "[[" "[.data.frame" "[" 
"[<-.data.frame" "[<-" 
"vapply" "[<-.data.frame" "[<-" 
"[<-.data.frame" "[<-" 
"which" 
"c" "[<-.data.frame" "[<-" 
"[<-.data.frame" "[<-" 
"paste0" "[<-.data.frame" "[<-" 
"[<-.data.frame" "[<-" 
"%in%" "[[.data.frame" "[[" "[.data.frame" "[" 
"[<-.data.frame" "[<-" 
"paste0" "[<-.data.frame" "[<-" 
"which" 
"[<-.data.frame" "[<-" 
"<Anonymous>" "[[.data.frame" "[[" "[.data.frame" "[" 
"[<-.data.frame" "[<-" 
"[<-.data.frame" "[<-" 
"[<-.data.frame" "[<-" 
"[<-.data.frame" "[<-" 
"[<-.data.frame" "[<-" 
"sys.call" "%in%" "[[.data.frame" "[[" "[.data.frame" "[" 
"nargs" "[[.data.frame" "[[" "[.data.frame" "[" 
"%in%" "[[.data.frame" "[[" "[.data.frame" "[" 
"[.data.frame" "[" 
"[<-.data.frame" "[<-" 
"[.data.frame" "[" 
"[[" "[.data.frame" "[" 
"[<-.data.frame" "[<-" 
"[<-.data.frame" "[<-" 
"[<-.data.frame" "[<-" 
"<Anonymous>" "[[.data.frame" "[[" "[.data.frame" "[" 
"vapply" "[<-.data.frame" "[<-" 
"[[" "[.data.frame" "[" 
"paste0" "[<-.data.frame" "[<-" 
"[<-.data.frame" "[<-" 
"[<-.data.frame" "[<-" 
"[<-.data.frame" "[<-" 
"[<-.data.frame" "[<-" 
"[<-.data.frame" "[<-" 
"<Anonymous>" "[[.data.frame" "[[" "[.data.frame" "[" 
"%in%" "[<-.data.frame" "[<-" 
"[<-.data.frame" "[<-" 
"<Anonymous>" "[[.data.frame" "[[" "[.data.frame" "[" 
"[<-.data.frame" "[<-" 
"sys.call" "%in%" "[[.data.frame" "[[" "[.data.frame" "[" 
"names" "%in%" "[<-.data.frame" "[<-" 
"[[.data.frame" "[[" "[.data.frame" "[" 
"[<-.data.frame" "[<-" 
"[<-.data.frame" "[<-" 
"[[" "[.data.frame" "[" 
"[<-.data.frame" "[<-" 
"sys.call" "%in%" "[[.data.frame" "[[" "[.data.frame" "[" 
"sys.call" "%in%" "[[.data.frame" "[[" "[.data.frame" "[" 
"is.matrix" "<Anonymous>" "[[.data.frame" "[[" "[.data.frame" "[" 
"[<-.data.frame" "[<-" 
"[<-.data.frame" "[<-" 
"which" 
"[<-.data.frame" "[<-" 
"all" "[[.data.frame" "[[" "[.data.frame" "[" 
"[<-.data.frame" "[<-" 
"%in%" "[[.data.frame" "[[" "[.data.frame" "[" 
"[<-.data.frame" "[<-" 
"sys.call" "%in%" "[<-.data.frame" "[<-" 
"[.data.frame" "[" 
"[[.data.frame" "[[" "[.data.frame" "[" 
"[<-.data.frame" "[<-" 
"sys.call" "%in%" "[[.data.frame" "[[" "[.data.frame" "[" 
"[<-.data.frame" "[<-" 
"which" 
"[[.data.frame" "[[" "[.data.frame" "[" 
"[[.data.frame" "[[" "[.data.frame" "[" 
"<Anonymous>" "[[.data.frame" "[[" "[.data.frame" "[" 
"all" "[[.data.frame" "[[" "[.data.frame" "[" 
"[<-.data.frame" "[<-" 
"[<-.data.frame" "[<-" 
"%in%" "[[.data.frame" "[[" "[.data.frame" "[" 
"[<-.data.frame" "[<-" 
"[<-.data.frame" "[<-" 
"which" 
"[.data.frame" "[" 
"FUN" "vapply" "[<-.data.frame" "[<-" 
"sys.call" "%in%" "[[.data.frame" "[[" "[.data.frame" "[" 
"[<-.data.frame" "[<-" 
"[[.data.frame" "[[" "[.data.frame" "[" 
"[[.data.frame" "[[" "[.data.frame" "[" 
"<Anonymous>" "[[.data.frame" "[[" "[.data.frame" "[" 
"[.data.frame" "[" 
"[<-.data.frame" "[<-" 
"%in%" "[[.data.frame" "[[" "[.data.frame" "[" 
"[<-.data.frame" "[<-" 
"which" 
"sys.call" "%in%" "[[.data.frame" "[[" "[.data.frame" "[" 
"sys.call" "%in%" "[[.data.frame" "[[" "[.data.frame" "[" 
"[[" "[.data.frame" "[" 
"[<-.data.frame" "[<-" 
"sys.call" "%in%" "[[.data.frame" "[[" "[.data.frame" "[" 
"[[.data.frame" "[[" "[.data.frame" "[" 
"[<-.data.frame" "[<-" 
"[<-.data.frame" "[<-" 
"<Anonymous>" "[[.data.frame" "[[" "[.data.frame" "[" 
"[<-.data.frame" "[<-" 
"length" "[<-.data.frame" "[<-" 
"anyDuplicated.default" "anyDuplicated" "[<-.data.frame" "[<-" 
"[<-.data.frame" "[<-" 
"[[" "[.data.frame" "[" 
"sys.call" "%in%" "[[.data.frame" "[[" "[.data.frame" "[" 
"which" 
"%in%" "[[.data.frame" "[[" "[.data.frame" "[" 
"vapply" "[<-.data.frame" "[<-" 
"paste0" "[<-.data.frame" "[<-" 
"[<-.data.frame" "[<-" 
"<Anonymous>" "[[.data.frame" "[[" "[.data.frame" "[" 
"[.data.frame" "[" 
"[<-.data.frame" "[<-" 
"which" 
"[<-.data.frame" "[<-" 
"[<-.data.frame" "[<-" 
"[<-.data.frame" "[<-" 
"<Anonymous>" "[[.data.frame" "[[" "[.data.frame" "[" 
"[[.data.frame" "[[" "[.data.frame" "[" 
"[<-.data.frame" "[<-" 
"[<-.data.frame" "[<-" 
"which" 
"names" "[.data.frame" "[" 
"[[.data.frame" "[[" "[.data.frame" "[" 
"[<-.data.frame" "[<-" 
"[<-.data.frame" "[<-" 
"<Anonymous>" "[[.data.frame" "[[" "[.data.frame" "[" 
".subset" "[.data.frame" "[" 
"which" 
"[<-.data.frame" "[<-" 
"[<-.data.frame" "[<-" 
"[.data.frame" "[" 
"[<-.data.frame" "[<-" 
"[<-.data.frame" "[<-" 
"sys.call" "%in%" "[[.data.frame" "[[" "[.data.frame" "[" 
"names" "[.data.frame" "[" 
"[<-.data.frame" "[<-" 
"[<-.data.frame" "[<-" 
"[[.data.frame" "[[" "[.data.frame" "[" 
"[[" "[.data.frame" "[" 
"[<-.data.frame" "[<-" 
"[<-.data.frame" "[<-" 
"which" 
"[<-.data.frame" "[<-" 
"[<-.data.frame" "[<-" 
"[<-.data.frame" "[<-" 
"[<-.data.frame" "[<-" 
"[<-.data.frame" "[<-" 
"[<-.data.frame" "[<-" 
"which" 
"[<-.data.frame" "[<-" 
"[<-.data.frame" "[<-" 
"[<-.data.frame" "[<-" 
"[<-.data.frame" "[<-" 
"[<-.data.frame" "[<-" 
"[<-.data.frame" "[<-" 
"[<-.data.frame" "[<-" 
"[<-.data.frame" "[<-" 
"%in%" "[[.data.frame" "[[" "[.data.frame" "[" 
"which" 
"%in%" "[[.data.frame" "[[" "[.data.frame" "[" 
"[<-.data.frame" "[<-" 
"all" "[[.data.frame" "[[" "[.data.frame" "[" 
"[<-.data.frame" "[<-" 
"which" 
"[<-.data.frame" "[<-" 
"names" "%in%" "[[.data.frame" "[[" "[.data.frame" "[" 
"[<-.data.frame" "[<-" 
"[<-.data.frame" "[<-" 
"which" 
"[[.data.frame" "[[" "[.data.frame" "[" 
"[<-" 
"%in%" "[[.data.frame" "[[" "[.data.frame" "[" 
"[<-.data.frame" "[<-" 
"[[" "[.data.frame" "[" 
"[<-.data.frame" "[<-" 
"[<-.data.frame" "[<-" 
"[<-.data.frame" "[<-" 
"sys.call" "%in%" "[[.data.frame" "[[" "[.data.frame" "[" 
"<Anonymous>" "[[.data.frame" "[[" "[.data.frame" "[" 
"[<-.data.frame" "[<-" 
"[.data.frame" "[" 
"sys.call" "%in%" "[[.data.frame" "[[" "[.data.frame" "[" 
"[[" "[.data.frame" "[" 
"vapply" "[<-.data.frame" "[<-" 
"[.data.frame" "[" 
"[<-.data.frame" "[<-" 
"[.data.frame" "[" 
"[<-.data.frame" "[<-" 
"[.data.frame" "[" 
"which" 
"[<-.data.frame" "[<-" 
"which" 
"anyDuplicated" "[<-.data.frame" "[<-" 
"[.data.frame" "[" 
"[<-.data.frame" "[<-" 
"%in%" "[[.data.frame" "[[" "[.data.frame" "[" 
"[<-.data.frame" "[<-" 
"[<-.data.frame" "[<-" 
"[<-.data.frame" "[<-" 
"[<-.data.frame" "[<-" 
"[<-.data.frame" "[<-" 
"<Anonymous>" "[[.data.frame" "[[" "[.data.frame" "[" 
"[.data.frame" "[" 
"which" 
"[<-.data.frame" "[<-" 
"[<-.data.frame" "[<-" 
"which" 
"[[" "[.data.frame" "[" 
"[.data.frame" "[" 
"[[.data.frame" "[[" "[.data.frame" "[" 
"[<-.data.frame" "[<-" 
"[<-.data.frame" "[<-" 
"[.data.frame" "[" 
"[[" "[.data.frame" "[" 
"[[.data.frame" "[[" "[.data.frame" "[" 
"[[" "[.data.frame" "[" 
"[<-.data.frame" "[<-" 
"dim" "FUN" "vapply" "[<-.data.frame" "[<-" 
"[.data.frame" "[" 
"<Anonymous>" "[[.data.frame" "[[" "[.data.frame" "[" 
"%in%" "[[.data.frame" "[[" "[.data.frame" "[" 
"[<-.data.frame" "[<-" 
"[<-.data.frame" "[<-" 
"which" 
"[<-.data.frame" "[<-" 
"sys.call" "%in%" "[[.data.frame" "[[" "[.data.frame" "[" 
"<Anonymous>" "[[.data.frame" "[[" "[.data.frame" "[" 
"[<-.data.frame" "[<-" 
"sys.call" "%in%" "[[.data.frame" "[[" "[.data.frame" "[" 
"[<-.data.frame" "[<-" 
"which" 
"[<-.data.frame" "[<-" 
"[<-.data.frame" "[<-" 
"[<-.data.frame" "[<-" 
"[[.data.frame" "[[" "[.data.frame" "[" 
"[<-.data.frame" "[<-" 
"[<-.data.frame" "[<-" 
".subset2" "<Anonymous>" "[[.data.frame" "[[" "[.data.frame" "[" 
"[<-.data.frame" "[<-" 
"sys.call" "%in%" "[.data.frame" "[" 
"[<-.data.frame" "[<-" 
"[[.data.frame" "[[" "[.data.frame" "[" 
"which" 
"[<-.data.frame" "[<-" 
"[<-.data.frame" "[<-" 
"which" 
"<Anonymous>" "[[.data.frame" "[[" "[.data.frame" "[" 
"sys.call" "%in%" "[[.data.frame" "[[" "[.data.frame" "[" 
"is.matrix" "<Anonymous>" "[[.data.frame" "[[" "[.data.frame" "[" 
"[<-.data.frame" "[<-" 
"dim" "NROW" "[<-.data.frame" "[<-" 
"[[" "[.data.frame" "[" 
"which" 
"[<-.data.frame" "[<-" 
"[<-.data.frame" "[<-" 
"[[" "[.data.frame" "[" 
"anyNA" "[.data.frame" "[" 
"[<-.data.frame" "[<-" 
"[<-.data.frame" "[<-" 
"which" 
"[<-.data.frame" "[<-" 
"[[.data.frame" "[[" "[.data.frame" "[" 
"sys.call" "%in%" "[[.data.frame" "[[" "[.data.frame" "[" 
"[.data.frame" "[" 
"paste0" "[<-.data.frame" "[<-" 
"sys.call" "%in%" "[[.data.frame" "[[" "[.data.frame" "[" 
"<Anonymous>" "[[.data.frame" "[[" "[.data.frame" "[" 
"[<-.data.frame" "[<-" 
"[<-.data.frame" "[<-" 
"[<-.data.frame" "[<-" 
"sys.call" "%in%" "[[.data.frame" "[[" "[.data.frame" "[" 
"[<-.data.frame" "[<-" 
"sys.call" "%in%" "[[.data.frame" "[[" "[.data.frame" "[" 
"length" "[<-.data.frame" "[<-" 
"[<-.data.frame" "[<-" 
"[<-.data.frame" "[<-" 
"[<-.data.frame" "[<-" 
"[<-.data.frame" "[<-" 
"<Anonymous>" "[[.data.frame" "[[" "[.data.frame" "[" 
"[[" "[.data.frame" "[" 
"%in%" "[<-.data.frame" "[<-" 
"which" 
"[<-.data.frame" "[<-" 
"[<-.data.frame" "[<-" 
"%in%" "[[.data.frame" "[[" "[.data.frame" "[" 
"length" "[.data.frame" "[" 
"[<-.data.frame" "[<-" 
"[.data.frame" "[" 
"which" 
"[<-.data.frame" "[<-" 
"[<-.data.frame" "[<-" 
"[<-.data.frame" "[<-" 
"[<-.data.frame" "[<-" 
"[<-.data.frame" "[<-" 
"[<-.data.frame" "[<-" 
"which" 
"[<-.data.frame" "[<-" 
"[<-.data.frame" "[<-" 
"[<-.data.frame" "[<-" 
"%in%" "[[.data.frame" "[[" "[.data.frame" "[" 
"[<-.data.frame" "[<-" 
"vapply" "[<-.data.frame" "[<-" 
"[<-.data.frame" "[<-" 
"[<-.data.frame" "[<-" 
"[<-.data.frame" "[<-" 
"[<-.data.frame" "[<-" 
"[<-.data.frame" "[<-" 
"[<-.data.frame" "[<-" 
"[<-.data.frame" "[<-" 
"<Anonymous>" "[[.data.frame" "[[" "[.data.frame" "[" 
"vapply" "[<-.data.frame" "[<-" 
"[.data.frame" "[" 
"[<-.data.frame" "[<-" 
"[<-.data.frame" "[<-" 
"[.data.frame" "[" 
"[<-.data.frame" "[<-" 
"[<-.data.frame" "[<-" 
"sys.call" "%in%" "[[.data.frame" "[[" "[.data.frame" "[" 
"which" 
"[<-.data.frame" "[<-" 
"[<-.data.frame" "[<-" 
"[[" "[.data.frame" "[" 
"[<-.data.frame" "[<-" 
"which" 
"[<-.data.frame" "[<-" 
"[<-.data.frame" "[<-" 
"vapply" "[<-.data.frame" "[<-" 
"[<-.data.frame" "[<-" 
"[<-.data.frame" "[<-" 
"[.data.frame" "[" 
"[.data.frame" "[" 
"which" 
"[[.data.frame" "[[" "[.data.frame" "[" 
"%in%" "[[.data.frame" "[[" "[.data.frame" "[" 
"[" 
"[[" "[.data.frame" "[" 
"[<-.data.frame" "[<-" 
"[<-.data.frame" "[<-" 
"which" 
"%in%" "[[.data.frame" "[[" "[.data.frame" "[" 
"[<-.data.frame" "[<-" 
"which" 
"[[.data.frame" "[[" "[.data.frame" "[" 
"which" 
"[<-.data.frame" "[<-" 
"names" "%in%" "[[.data.frame" "[[" "[.data.frame" "[" 
"[[" "[.data.frame" "[" 
"%in%" "[[.data.frame" "[[" "[.data.frame" "[" 
"[[.data.frame" "[[" "[.data.frame" "[" 
"[[" "[.data.frame" "[" 
"[<-.data.frame" "[<-" 
"[[.data.frame" "[[" "[.data.frame" "[" 
"[<-.data.frame" "[<-" 
"sys.call" "%in%" "[[.data.frame" "[[" "[.data.frame" "[" 
"[<-.data.frame" "[<-" 
"[<-.data.frame" "[<-" 
"[<-.data.frame" "[<-" 
"[<-.data.frame" "[<-" 
"[[.data.frame" "[[" "[.data.frame" "[" 
"[<-.data.frame" "[<-" 
"paste0" "[<-.data.frame" "[<-" 
"<Anonymous>" "[[.data.frame" "[[" "[.data.frame" "[" 
"[<-.data.frame" "[<-" 
".subset2" "<Anonymous>" "[[.data.frame" "[[" "[.data.frame" "[" 
"%in%" "[[.data.frame" "[[" "[.data.frame" "[" 
"which" 
"[[" "[.data.frame" "[" 
"which" 
"<Anonymous>" "[[.data.frame" "[[" "[.data.frame" "[" 
"sys.call" "%in%" "[[.data.frame" "[[" "[.data.frame" "[" 
"[<-.data.frame" "[<-" 
"[.data.frame" "[" 
"[<-.data.frame" "[<-" 
"sys.call" "%in%" "[[.data.frame" "[[" "[.data.frame" "[" 
"which" 
"[<-.data.frame" "[<-" 
"names" "%in%" "[[.data.frame" "[[" "[.data.frame" "[" 
"which" 
".subset2" "<Anonymous>" "[[.data.frame" "[[" "[.data.frame" "[" 
"<Anonymous>" "[[.data.frame" "[[" "[.data.frame" "[" 
"[[.data.frame" "[[" "[.data.frame" "[" 
"[<-.data.frame" "[<-" 
"[<-.data.frame" "[<-" 
"%in%" "[[.data.frame" "[[" "[.data.frame" "[" 
"<Anonymous>" "[[.data.frame" "[[" "[.data.frame" "[" 
"[[.data.frame" "[[" "[.data.frame" "[" 
"[<-.data.frame" "[<-" 
"[<-.data.frame" "[<-" 
"[[.data.frame" "[[" "[.data.frame" "[" 
"<Anonymous>" "[[.data.frame" "[[" "[.data.frame" "[" 
"[<-.data.frame" "[<-" 
"which" 
"[<-.data.frame" "[<-" 
"which" 
"[<-.data.frame" "[<-" 
"which" 
"[<-.data.frame" "[<-" 
"[<-.data.frame" "[<-" 
"[<-.data.frame" "[<-" 
"[[" "[.data.frame" "[" 
"[" 
"[<-.data.frame" "[<-" 
".subset" "[.data.frame" "[" 
"[<-.data.frame" "[<-" 
"[.data.frame" "[" 
"%in%" "[[.data.frame" "[[" "[.data.frame" "[" 
"which" 
"[<-.data.frame" "[<-" 
"which" 
"[[" "[.data.frame" "[" 
"which" 
"[<-.data.frame" "[<-" 
"[<-.data.frame" "[<-" 
"[<-.data.frame" "[<-" 
"[<-.data.frame" "[<-" 
"[<-.data.frame" "[<-" 
"[<-.data.frame" "[<-" 
"<Anonymous>" "[[.data.frame" "[[" "[.data.frame" "[" 
"%%" 
"[<-.data.frame" "[<-" 
"[<-.data.frame" "[<-" 
"<Anonymous>" "[[.data.frame" "[[" "[.data.frame" "[" 
"[<-.data.frame" "[<-" 
"which" 
"%in%" "[[.data.frame" "[[" "[.data.frame" "[" 
"[<-.data.frame" "[<-" 
"[<-.data.frame" "[<-" 
"[<-.data.frame" "[<-" 
"which" 
"[<-.data.frame" "[<-" 
"[[.data.frame" "[[" "[.data.frame" "[" 
"[<-.data.frame" "[<-" 
"[[.data.frame" "[[" "[.data.frame" "[" 
"which" 
"[[" "[.data.frame" "[" 
"[<-.data.frame" "[<-" 
"[<-.data.frame" "[<-" 
"[[.data.frame" "[[" "[.data.frame" "[" 
"[<-.data.frame" "[<-" 
"[[.data.frame" "[[" "[.data.frame" "[" 
"[<-.data.frame" "[<-" 
"which" 
"[<-.data.frame" "[<-" 
"[[.data.frame" "[[" "[.data.frame" "[" 
"[<-.data.frame" "[<-" 
"sys.call" "%in%" "[[.data.frame" "[[" "[.data.frame" "[" 
"which" 
"[[" "[.data.frame" "[" 
"[.data.frame" "[" 
"anyDuplicated" "[<-.data.frame" "[<-" 
"[<-.data.frame" "[<-" 
"which" 
"[.data.frame" "[" 
"[<-.data.frame" "[<-" 
"[[.data.frame" "[[" "[.data.frame" "[" 
"[<-.data.frame" "[<-" 
"names" "%in%" "[[.data.frame" "[[" "[.data.frame" "[" 
"[<-.data.frame" "[<-" 
"[.data.frame" "[" 
"[<-.data.frame" "[<-" 
"%in%" "[[.data.frame" "[[" "[.data.frame" "[" 
"[<-.data.frame" "[<-" 
"[<-.data.frame" "[<-" 
"[<-.data.frame" "[<-" 
"[<-.data.frame" "[<-" 
"[<-.data.frame" "[<-" 
"vapply" "[<-.data.frame" "[<-" 
"which" 
"[[.data.frame" "[[" "[.data.frame" "[" 
"[[.data.frame" "[[" "[.data.frame" "[" 
"%in%" "[[.data.frame" "[[" "[.data.frame" "[" 
"sys.call" "%in%" "[[.data.frame" "[[" "[.data.frame" "[" 
"[[" "[.data.frame" "[" 
"as.list.default" "as.list" "vapply" "[<-.data.frame" "[<-" 
"attr" "[.data.frame" "[" 
"[<-.data.frame" "[<-" 
"[<-.data.frame" "[<-" 
"sys.call" "%in%" "[[.data.frame" "[[" "[.data.frame" "[" 
"%in%" "[[.data.frame" "[[" "[.data.frame" "[" 
"which" 
"[[.data.frame" "[[" "[.data.frame" "[" 
"[<-.data.frame" "[<-" 
"%in%" "[[.data.frame" "[[" "[.data.frame" "[" 
"<Anonymous>" "[[.data.frame" "[[" "[.data.frame" "[" 
"[[.data.frame" "[[" "[.data.frame" "[" 
"[[.data.frame" "[[" "[.data.frame" "[" 
"[" 
"[[.data.frame" "[[" "[.data.frame" "[" 
"<Anonymous>" "[[.data.frame" "[[" "[.data.frame" "[" 
"[<-.data.frame" "[<-" 
"%in%" "[[.data.frame" "[[" "[.data.frame" "[" 
"which" 
"[<-.data.frame" "[<-" 
"[<-.data.frame" "[<-" 
"[<-.data.frame" "[<-" 
"[<-.data.frame" "[<-" 
"which" 
"[[.data.frame" "[[" "[.data.frame" "[" 
"which" 
"[<-.data.frame" "[<-" 
"[<-.data.frame" "[<-" 
"[.data.frame" "[" 
"is.matrix" "<Anonymous>" "[[.data.frame" "[[" "[.data.frame" "[" 
"sys.call" "%in%" "[[.data.frame" "[[" "[.data.frame" "[" 
"[.data.frame" "[" 
"[<-.data.frame" "[<-" 
"[[.data.frame" "[[" "[.data.frame" "[" 
"[[.data.frame" "[[" "[.data.frame" "[" 
"which" 
"[[.data.frame" "[[" "[.data.frame" "[" 
"which" 
"[<-.data.frame" "[<-" 
"[[.data.frame" "[[" "[.data.frame" "[" 
"%in%" "[[.data.frame" "[[" "[.data.frame" "[" 
"[<-.data.frame" "[<-" 
"[<-.data.frame" "[<-" 
"[[" "[.data.frame" "[" 
"%in%" "[[.data.frame" "[[" "[.data.frame" "[" 
"[<-.data.frame" "[<-" 
"[[" "[.data.frame" "[" 
"[<-.data.frame" "[<-" 
"[<-.data.frame" "[<-" 
"which" 
"[<-.data.frame" "[<-" 
"[<-.data.frame" "[<-" 
"which" 
"[<-.data.frame" "[<-" 
"paste0" "[<-.data.frame" "[<-" 
"[[.data.frame" "[[" "[.data.frame" "[" 
"[<-.data.frame" "[<-" 
"%in%" "[[.data.frame" "[[" "[.data.frame" "[" 
"[[.data.frame" "[[" "[.data.frame" "[" 
"as.list.default" "as.list" "vapply" "[<-.data.frame" "[<-" 
"sys.call" "%in%" "[[.data.frame" "[[" "[.data.frame" "[" 
"[<-.data.frame" "[<-" 
"[<-.data.frame" "[<-" 
"which" 
"[<-.data.frame" "[<-" 
"FUN" "vapply" "[<-.data.frame" "[<-" 
"which" 
"%in%" "[[.data.frame" "[[" "[.data.frame" "[" 
"[[" "[.data.frame" "[" 
"[.data.frame" "[" 
"[<-.data.frame" "[<-" 
"[[.data.frame" "[[" "[.data.frame" "[" 
"[<-.data.frame" "[<-" 
"names" "%in%" "[[.data.frame" "[[" "[.data.frame" "[" 
"[[" "[.data.frame" "[" 
"[<-.data.frame" "[<-" 
"which" 
"<Anonymous>" "[[.data.frame" "[[" "[.data.frame" "[" 
"FUN" "vapply" "[<-.data.frame" "[<-" 
"[.data.frame" "[" 
"is.matrix" "<Anonymous>" "[[.data.frame" "[[" "[.data.frame" "[" 
"all" "[[.data.frame" "[[" "[.data.frame" "[" 
"[<-.data.frame" "[<-" 
"<Anonymous>" "[[.data.frame" "[[" "[.data.frame" "[" 
"[<-.data.frame" "[<-" 
"[<-.data.frame" "[<-" 
"<Anonymous>" "[[.data.frame" "[[" "[.data.frame" "[" 
"[<-.data.frame" "[<-" 
"[.data.frame" "[" 
"[<-.data.frame" "[<-" 
"%in%" "[[.data.frame" "[[" "[.data.frame" "[" 
"[<-.data.frame" "[<-" 
"as.list" "vapply" "[<-.data.frame" "[<-" 
"all" "[[.data.frame" "[[" "[.data.frame" "[" 
"sys.call" "%in%" "[<-.data.frame" "[<-" 
"[.data.frame" "[" 
"[[.data.frame" "[[" "[.data.frame" "[" 
"[<-.data.frame" "[<-" 
"<Anonymous>" "[[.data.frame" "[[" "[.data.frame" "[" 
"[.data.frame" "[" 
"[<-.data.frame" "[<-" 
"[<-.data.frame" "[<-" 
"[[" "[.data.frame" "[" 
"[<-.data.frame" "[<-" 
"<Anonymous>" "[[.data.frame" "[[" "[.data.frame" "[" 
"sys.call" "%in%" "[[.data.frame" "[[" "[.data.frame" "[" 
"[<-.data.frame" "[<-" 
"which" 
"sys.call" "%in%" "[[.data.frame" "[[" "[.data.frame" "[" 
"[<-.data.frame" "[<-" 
"[[.data.frame" "[[" "[.data.frame" "[" 
"[[.data.frame" "[[" "[.data.frame" "[" 
"which" 
"[<-.data.frame" "[<-" 
"[[.data.frame" "[[" "[.data.frame" "[" 
"[<-.data.frame" "[<-" 
"[<-.data.frame" "[<-" 
"which" 
"[<-.data.frame" "[<-" 
"[<-.data.frame" "[<-" 
"[<-.data.frame" "[<-" 
"[<-.data.frame" "[<-" 
"<Anonymous>" "[[.data.frame" "[[" "[.data.frame" "[" 
"%in%" "[[.data.frame" "[[" "[.data.frame" "[" 
"[<-.data.frame" "[<-" 
"[[.data.frame" "[[" "[.data.frame" "[" 
"[<-.data.frame" "[<-" 
"which" 
"anyDuplicated" "[.data.frame" "[" 
"[[.data.frame" "[[" "[.data.frame" "[" 
"[[" "[.data.frame" "[" 
"paste0" "[<-.data.frame" "[<-" 
"[<-.data.frame" "[<-" 
"[<-.data.frame" "[<-" 
"[<-.data.frame" "[<-" 
"which" 
"nargs" "[[.data.frame" "[[" "[.data.frame" "[" 
"which" 
"[<-.data.frame" "[<-" 
"[[.data.frame" "[[" "[.data.frame" "[" 
"[<-.data.frame" "[<-" 
"[<-.data.frame" "[<-" 
"sys.call" "%in%" "[[.data.frame" "[[" "[.data.frame" "[" 
"<Anonymous>" "[[.data.frame" "[[" "[.data.frame" "[" 
"[<-.data.frame" "[<-" 
"[<-.data.frame" "[<-" 
"[<-.data.frame" "[<-" 
"%in%" "[[.data.frame" "[[" "[.data.frame" "[" 
"[<-.data.frame" "[<-" 
"[.data.frame" "[" 
"[[.data.frame" "[[" "[.data.frame" "[" 
"anyDuplicated" "[.data.frame" "[" 
"sys.call" "%in%" "[[.data.frame" "[[" "[.data.frame" "[" 
"FUN" "vapply" "[<-.data.frame" "[<-" 
"[<-.data.frame" "[<-" 
"vapply" "[<-.data.frame" "[<-" 
"[<-.data.frame" "[<-" 
"[<-.data.frame" "[<-" 
"[[.data.frame" "[[" "[.data.frame" "[" 
"which" 
"[<-.data.frame" "[<-" 
"[<-.data.frame" "[<-" 
"[.data.frame" "[" 
"[.data.frame" "[" 
"[<-.data.frame" "[<-" 
"[<-.data.frame" "[<-" 
"[[.data.frame" "[[" "[.data.frame" "[" 
"[[.data.frame" "[[" "[.data.frame" "[" 
"[[" "[.data.frame" "[" 
"[[" "[.data.frame" "[" 
"[<-.data.frame" "[<-" 
"[<-.data.frame" "[<-" 
"[<-.data.frame" "[<-" 
"which" 
"[<-.data.frame" "[<-" 
"[<-.data.frame" "[<-" 
"<Anonymous>" "[[.data.frame" "[[" "[.data.frame" "[" 
"<Anonymous>" "[[.data.frame" "[[" "[.data.frame" "[" 
"[<-.data.frame" "[<-" 
"[<-.data.frame" "[<-" 
"[<-.data.frame" "[<-" 
"[<-.data.frame" "[<-" 
"[[.data.frame" "[[" "[.data.frame" "[" 
"[[.data.frame" "[[" "[.data.frame" "[" 
"[<-.data.frame" "[<-" 
"sys.call" "%in%" "[[.data.frame" "[[" "[.data.frame" "[" 
"[[" "[.data.frame" "[" 
"[.data.frame" "[" 
"[.data.frame" "[" 
"<Anonymous>" "[[.data.frame" "[[" "[.data.frame" "[" 
"which" 
"[[" "[.data.frame" "[" 
"which" 
"%in%" "[[.data.frame" "[[" "[.data.frame" "[" 
"[<-.data.frame" "[<-" 
"[<-.data.frame" "[<-" 
"[[" "[.data.frame" "[" 
"[<-.data.frame" "[<-" 
"[.data.frame" "[" 
"[<-.data.frame" "[<-" 
"%in%" "[[.data.frame" "[[" "[.data.frame" "[" 
"[<-.data.frame" "[<-" 
"anyNA" "[<-.data.frame" "[<-" 
"[<-.data.frame" "[<-" 
"[<-.data.frame" "[<-" 
"sys.call" "%in%" "[[.data.frame" "[[" "[.data.frame" "[" 
"names" "%in%" "[[.data.frame" "[[" "[.data.frame" "[" 
"vapply" "[<-.data.frame" "[<-" 
"<Anonymous>" "[[.data.frame" "[[" "[.data.frame" "[" 
"names" "%in%" "[[.data.frame" "[[" "[.data.frame" "[" 
"names" "%in%" "[[.data.frame" "[[" "[.data.frame" "[" 
"[<-.data.frame" "[<-" 
"[<-.data.frame" "[<-" 
"[.data.frame" "[" 
"[<-.data.frame" "[<-" 
"[<-.data.frame" "[<-" 
"all" "[[.data.frame" "[[" "[.data.frame" "[" 
"[[.data.frame" "[[" "[.data.frame" "[" 
"[<-.data.frame" "[<-" 
"[<-.data.frame" "[<-" 
"[[.data.frame" "[[" "[.data.frame" "[" 
"[<-.data.frame" "[<-" 
"[<-.data.frame" "[<-" 
"[[" "[.data.frame" "[" 
"[<-.data.frame" "[<-" 
"[[.data.frame" "[[" "[.data.frame" "[" 
"[.data.frame" "[" 
"[.data.frame" "[" 
"[[" "[.data.frame" "[" 
"[<-.data.frame" "[<-" 
"%in%" "[[.data.frame" "[[" "[.data.frame" "[" 
"[<-.data.frame" "[<-" 
"[<-.data.frame" "[<-" 
"vapply" "[<-.data.frame" "[<-" 
"[<-.data.frame" "[<-" 
"[[" "[.data.frame" "[" 
"which" 
"[[" "[.data.frame" "[" 
"[<-.data.frame" "[<-" 
"which" 
"[<-.data.frame" "[<-" 
"sys.call" "%in%" "[[.data.frame" "[[" "[.data.frame" "[" 
"sys.call" "%in%" "[[.data.frame" "[[" "[.data.frame" "[" 
"vapply" "[<-.data.frame" "[<-" 
"[[.data.frame" "[[" "[.data.frame" "[" 
"[<-.data.frame" "[<-" 
"[<-" 
"length" "[.data.frame" "[" 
"sys.call" "%in%" "[[.data.frame" "[[" "[.data.frame" "[" 
"[<-.data.frame" "[<-" 
"FUN" "vapply" "[<-.data.frame" "[<-" 
"which" 
"[<-.data.frame" "[<-" 
"[[.data.frame" "[[" "[.data.frame" "[" 
"%in%" "[[.data.frame" "[[" "[.data.frame" "[" 
"%in%" "[[.data.frame" "[[" "[.data.frame" "[" 
"which" 
"[[.data.frame" "[[" "[.data.frame" "[" 
"[<-.data.frame" "[<-" 
"[<-.data.frame" "[<-" 
"[<-.data.frame" "[<-" 
"[.data.frame" "[" 
"[[.data.frame" "[[" "[.data.frame" "[" 
"[[.data.frame" "[[" "[.data.frame" "[" 
"[<-.data.frame" "[<-" 
"%in%" "[[.data.frame" "[[" "[.data.frame" "[" 
"[<-.data.frame" "[<-" 
"[<-.data.frame" "[<-" 
"[<-.data.frame" "[<-" 
"[[" "[.data.frame" "[" 
"[<-.data.frame" "[<-" 
"length" "[.data.frame" "[" 
"sys.call" "%in%" "[[.data.frame" "[[" "[.data.frame" "[" 
"[<-.data.frame" "[<-" 
"[.data.frame" "[" 
"[[.data.frame" "[[" "[.data.frame" "[" 
"which" 
"as.list.default" "as.list" "vapply" "[<-.data.frame" "[<-" 
"sys.call" "%in%" "[<-.data.frame" "[<-" 
"[<-.data.frame" "[<-" 
"[<-.data.frame" "[<-" 
"[<-.data.frame" "[<-" 
"all" "[[.data.frame" "[[" "[.data.frame" "[" 
"[<-.data.frame" "[<-" 
"%in%" "[[.data.frame" "[[" "[.data.frame" "[" 
"[<-.data.frame" "[<-" 
"[<-.data.frame" "[<-" 
"[<-.data.frame" "[<-" 
"[<-.data.frame" "[<-" 
"[<-.data.frame" "[<-" 
"[<-.data.frame" "[<-" 
"[<-.data.frame" "[<-" 
"[<-.data.frame" "[<-" 
"%in%" "[[.data.frame" "[[" "[.data.frame" "[" 
"[<-.data.frame" "[<-" 
"which" 
"[[" "[.data.frame" "[" 
"[<-.data.frame" "[<-" 
"[[.data.frame" "[[" "[.data.frame" "[" 
"anyDuplicated.default" "anyDuplicated" "[.data.frame" "[" 
"[<-.data.frame" "[<-" 
"[<-.data.frame" "[<-" 
"[<-.data.frame" "[<-" 
"[<-.data.frame" "[<-" 
"[<-.data.frame" "[<-" 
"[[.data.frame" "[[" "[.data.frame" "[" 
"which" 
"anyDuplicated" "[<-.data.frame" "[<-" 
"[[.data.frame" "[[" "[.data.frame" "[" 
"sys.call" "%in%" "[[.data.frame" "[[" "[.data.frame" "[" 
"all" "[[.data.frame" "[[" "[.data.frame" "[" 
"which" 
"[.data.frame" "[" 
"which" 
"[[" "[.data.frame" "[" 
"sys.call" "%in%" "[[.data.frame" "[[" "[.data.frame" "[" 
"[<-.data.frame" "[<-" 
"[<-.data.frame" "[<-" 
"names" "%in%" "[[.data.frame" "[[" "[.data.frame" "[" 
"anyDuplicated" "[.data.frame" "[" 
"which" 
"[<-.data.frame" "[<-" 
"[<-.data.frame" "[<-" 
"which" 
"[<-.data.frame" "[<-" 
"FUN" "vapply" "[<-.data.frame" "[<-" 
"[<-.data.frame" "[<-" 
"vapply" "[<-.data.frame" "[<-" 
"[[.data.frame" "[[" "[.data.frame" "[" 
"[<-.data.frame" "[<-" 
"[<-.data.frame" "[<-" 
"[<-.data.frame" "[<-" 
"[<-.data.frame" "[<-" 
"[<-.data.frame" "[<-" 
"[<-.data.frame" "[<-" 
"[[.data.frame" "[[" "[.data.frame" "[" 
"which" 
"[<-.data.frame" "[<-" 
"[<-.data.frame" "[<-" 
"[<-.data.frame" "[<-" 
"[<-.data.frame" "[<-" 
"[<-.data.frame" "[<-" 
"[<-.data.frame" "[<-" 
"[.data.frame" "[" 
"%in%" "[[.data.frame" "[[" "[.data.frame" "[" 
"[<-.data.frame" "[<-" 
"which" 
"[<-.data.frame" "[<-" 
"<Anonymous>" "[[.data.frame" "[[" "[.data.frame" "[" 
"sys.call" "%in%" "[[.data.frame" "[[" "[.data.frame" "[" 
"<Anonymous>" "[[.data.frame" "[[" "[.data.frame" "[" 
"[<-.data.frame" "[<-" 
"FUN" "vapply" "[<-.data.frame" "[<-" 
"names" "%in%" "[[.data.frame" "[[" "[.data.frame" "[" 
"[[" "[.data.frame" "[" 
"which" 
"sys.call" "%in%" "[[.data.frame" "[[" "[.data.frame" "[" 
"sys.call" "%in%" "[[.data.frame" "[[" "[.data.frame" "[" 
"[<-.data.frame" "[<-" 
"[<-.data.frame" "[<-" 
"[<-.data.frame" "[<-" 
"[<-.data.frame" "[<-" 
"[<-.data.frame" "[<-" 
"[<-.data.frame" "[<-" 
"[[.data.frame" "[[" "[.data.frame" "[" 
"[[" "[.data.frame" "[" 
"[<-.data.frame" "[<-" 
"which" 
"[[.data.frame" "[[" "[.data.frame" "[" 
"[<-.data.frame" "[<-" 
"[<-.data.frame" "[<-" 
"[[.data.frame" "[[" "[.data.frame" "[" 
"[[" "[.data.frame" "[" 
"%in%" "[[.data.frame" "[[" "[.data.frame" "[" 
"which" 
"[<-.data.frame" "[<-" 
"sys.call" "%in%" "[[.data.frame" "[[" "[.data.frame" "[" 
"[.data.frame" "[" 
"<Anonymous>" "[[.data.frame" "[[" "[.data.frame" "[" 
"[<-.data.frame" "[<-" 
"<Anonymous>" "[[.data.frame" "[[" "[.data.frame" "[" 
"[[" "[.data.frame" "[" 
"[<-.data.frame" "[<-" 
"[<-.data.frame" "[<-" 
"length" "FUN" "vapply" "[<-.data.frame" "[<-" 
"length" "[<-.data.frame" "[<-" 
"[<-.data.frame" "[<-" 
"[<-.data.frame" "[<-" 
"[<-.data.frame" "[<-" 
"which" 
"[[" "[.data.frame" "[" 
"sys.call" "%in%" "[[.data.frame" "[[" "[.data.frame" "[" 
"length" "[<-.data.frame" "[<-" 
"which" 
"[<-.data.frame" "[<-" 
"[<-.data.frame" "[<-" 
"[[" "[.data.frame" "[" 
"[[" "[.data.frame" "[" 
"all" "[[.data.frame" "[[" "[.data.frame" "[" 
"[" 
"<Anonymous>" "[[.data.frame" "[[" "[.data.frame" "[" 
"[<-.data.frame" "[<-" 
"[<-.data.frame" "[<-" 
"which" 
"[[.data.frame" "[[" "[.data.frame" "[" 
"which" 
"FUN" "vapply" "[<-.data.frame" "[<-" 
"all" "[[.data.frame" "[[" "[.data.frame" "[" 
"[<-.data.frame" "[<-" 
"<Anonymous>" "[[.data.frame" "[[" "[.data.frame" "[" 
"<Anonymous>" "[[.data.frame" "[[" "[.data.frame" "[" 
"[[" "[.data.frame" "[" 
"sys.call" "%in%" "[[.data.frame" "[[" "[.data.frame" "[" 
"%in%" "[[.data.frame" "[[" "[.data.frame" "[" 
"[[" "[.data.frame" "[" 
"[[.data.frame" "[[" "[.data.frame" "[" 
".subset2" "<Anonymous>" "[[.data.frame" "[[" "[.data.frame" "[" 
"[.data.frame" "[" 
"all" "[[.data.frame" "[[" "[.data.frame" "[" 
"names" "%in%" "[[.data.frame" "[[" "[.data.frame" "[" 
"[<-.data.frame" "[<-" 
"[<-.data.frame" "[<-" 
"[<-.data.frame" "[<-" 
"[<-.data.frame" "[<-" 
"dim" "FUN" "vapply" "[<-.data.frame" "[<-" 
"[.data.frame" "[" 
"<Anonymous>" "[[.data.frame" "[[" "[.data.frame" "[" 
"[[.data.frame" "[[" "[.data.frame" "[" 
"which" 
"[[.data.frame" "[[" "[.data.frame" "[" 
"[<-.data.frame" "[<-" 
"which" 
"anyDuplicated" "[.data.frame" "[" 
"[[.data.frame" "[[" "[.data.frame" "[" 
"<Anonymous>" "[[.data.frame" "[[" "[.data.frame" "[" 
"[.data.frame" "[" 
"[<-.data.frame" "[<-" 
"[.data.frame" "[" 
"[[.data.frame" "[[" "[.data.frame" "[" 
"[<-.data.frame" "[<-" 
"which" 
"[<-.data.frame" "[<-" 
"[<-.data.frame" "[<-" 
"names" "%in%" "[[.data.frame" "[[" "[.data.frame" "[" 
"[[" "[.data.frame" "[" 
"[<-.data.frame" "[<-" 
"[<-.data.frame" "[<-" 
"nargs" "[[.data.frame" "[[" "[.data.frame" "[" 
"%in%" "[.data.frame" "[" 
"[[" "[.data.frame" "[" 
"which" 
"[[" "[.data.frame" "[" 
"[<-.data.frame" "[<-" 
"[<-.data.frame" "[<-" 
"which" 
"[<-.data.frame" "[<-" 
"sys.call" "%in%" "[[.data.frame" "[[" "[.data.frame" "[" 
"[[" "[.data.frame" "[" 
"[[.data.frame" "[[" "[.data.frame" "[" 
"[[.data.frame" "[[" "[.data.frame" "[" 
"[<-.data.frame" "[<-" 
"paste0" "[<-.data.frame" "[<-" 
"[<-.data.frame" "[<-" 
"as.list.default" "as.list" "vapply" "[<-.data.frame" "[<-" 
"sys.call" "%in%" "[[.data.frame" "[[" "[.data.frame" "[" 
"[<-.data.frame" "[<-" 
"which" 
"sys.call" "%in%" "[[.data.frame" "[[" "[.data.frame" "[" 
"which" 
".subset2" "<Anonymous>" "[[.data.frame" "[[" "[.data.frame" "[" 
"[<-.data.frame" "[<-" 
"[.data.frame" "[" 
"sys.call" "%in%" "[[.data.frame" "[[" "[.data.frame" "[" 
"[[.data.frame" "[[" "[.data.frame" "[" 
"is.matrix" "<Anonymous>" "[[.data.frame" "[[" "[.data.frame" "[" 
"sys.call" "%in%" "[[.data.frame" "[[" "[.data.frame" "[" 
"[<-.data.frame" "[<-" 
"[.data.frame" "[" 
"[<-.data.frame" "[<-" 
"[<-.data.frame" "[<-" 
"[<-.data.frame" "[<-" 
"[<-.data.frame" "[<-" 
"length" "[.data.frame" "[" 
"[<-.data.frame" "[<-" 
"[<-.data.frame" "[<-" 
"[[.data.frame" "[[" "[.data.frame" "[" 
"which" 
"[[.data.frame" "[[" "[.data.frame" "[" 
"[<-.data.frame" "[<-" 
"length" "[.data.frame" "[" 
"<Anonymous>" "[[.data.frame" "[[" "[.data.frame" "[" 
"[<-.data.frame" "[<-" 
"[.data.frame" "[" 
"[<-.data.frame" "[<-" 
"[[.data.frame" "[[" "[.data.frame" "[" 
"<Anonymous>" "[[.data.frame" "[[" "[.data.frame" "[" 
"<Anonymous>" "[[.data.frame" "[[" "[.data.frame" "[" 
"[[" "[.data.frame" "[" 
"[<-.data.frame" "[<-" 
"[<-.data.frame" "[<-" 
"[<-.data.frame" "[<-" 
"[<-.data.frame" "[<-" 
"[<-.data.frame" "[<-" 
"sys.call" "%in%" "[[.data.frame" "[[" "[.data.frame" "[" 
"names" "%in%" "[[.data.frame" "[[" "[.data.frame" "[" 
"which" 
"[<-.data.frame" "[<-" 
"sys.call" "%in%" "[[.data.frame" "[[" "[.data.frame" "[" 
"is.matrix" "<Anonymous>" "[[.data.frame" "[[" "[.data.frame" "[" 
"paste0" "[<-.data.frame" "[<-" 
"which" 
"[<-.data.frame" "[<-" 
"[<-.data.frame" "[<-" 
"<Anonymous>" "[[.data.frame" "[[" "[.data.frame" "[" 
"which" 
"[<-.data.frame" "[<-" 
"[<-.data.frame" "[<-" 
"[[.data.frame" "[[" "[.data.frame" "[" 
"nargs" "[[.data.frame" "[[" "[.data.frame" "[" 
"which" 
"[<-.data.frame" "[<-" 
"<Anonymous>" "[[.data.frame" "[[" "[.data.frame" "[" 
"[.data.frame" "[" 
"[<-.data.frame" "[<-" 
"[.data.frame" "[" 
"%in%" "[[.data.frame" "[[" "[.data.frame" "[" 
"[[" "[.data.frame" "[" 
"[<-.data.frame" "[<-" 
"<Anonymous>" "[[.data.frame" "[[" "[.data.frame" "[" 
"[[.data.frame" "[[" "[.data.frame" "[" 
"[<-.data.frame" "[<-" 
"[<-.data.frame" "[<-" 
"%in%" "[[.data.frame" "[[" "[.data.frame" "[" 
"<Anonymous>" "[[.data.frame" "[[" "[.data.frame" "[" 
"[[.data.frame" "[[" "[.data.frame" "[" 
"[<-.data.frame" "[<-" 
"[<-.data.frame" "[<-" 
"which" 
"length" "NROW" "[<-.data.frame" "[<-" 
"[[.data.frame" "[[" "[.data.frame" "[" 
"[<-.data.frame" "[<-" 
"[<-.data.frame" "[<-" 
"[<-.data.frame" "[<-" 
"[<-.data.frame" "[<-" 
"[<-.data.frame" "[<-" 
"[[" "[.data.frame" "[" 
"[<-.data.frame" "[<-" 
"which" 
"[<-.data.frame" "[<-" 
"[<-.data.frame" "[<-" 
"which" 
"[<-.data.frame" "[<-" 
"which" 
"[<-.data.frame" "[<-" 
"[[" "[.data.frame" "[" 
"[<-.data.frame" "[<-" 
"[[" "[.data.frame" "[" 
"is.matrix" "<Anonymous>" "[[.data.frame" "[[" "[.data.frame" "[" 
"[<-.data.frame" "[<-" 
"[<-.data.frame" "[<-" 
"[<-.data.frame" "[<-" 
"which" 
"[<-.data.frame" "[<-" 
"[<-.data.frame" "[<-" 
"[[.data.frame" "[[" "[.data.frame" "[" 
"[<-.data.frame" "[<-" 
"<Anonymous>" "[[.data.frame" "[[" "[.data.frame" "[" 
"[[.data.frame" "[[" "[.data.frame" "[" 
"[<-" 
"[<-.data.frame" "[<-" 
"sys.call" "%in%" "[[.data.frame" "[[" "[.data.frame" "[" 
"[<-.data.frame" "[<-" 
"[<-.data.frame" "[<-" 
"<Anonymous>" "[[.data.frame" "[[" "[.data.frame" "[" 
"which" 
"[<-.data.frame" "[<-" 
"[[.data.frame" "[[" "[.data.frame" "[" 
"[[.data.frame" "[[" "[.data.frame" "[" 
"which" 
"[[" "[.data.frame" "[" 
"[<-.data.frame" "[<-" 
"[<-.data.frame" "[<-" 
"[[" "[.data.frame" "[" 
"[<-.data.frame" "[<-" 
"[<-.data.frame" "[<-" 
"which" 
"%in%" "[[.data.frame" "[[" "[.data.frame" "[" 
"[<-.data.frame" "[<-" 
"[<-.data.frame" "[<-" 
"[[" "[.data.frame" "[" 
"[<-.data.frame" "[<-" 
"[.data.frame" "[" 
"[[" "[.data.frame" "[" 
"which" 
"[.data.frame" "[" 
"[<-.data.frame" "[<-" 
"<Anonymous>" "[[.data.frame" "[[" "[.data.frame" "[" 
"%in%" "[.data.frame" "[" 
"[[.data.frame" "[[" "[.data.frame" "[" 
"[.data.frame" "[" 
"[[" "[.data.frame" "[" 
"[[.data.frame" "[[" "[.data.frame" "[" 
"sys.call" "%in%" "[[.data.frame" "[[" "[.data.frame" "[" 
"[<-.data.frame" "[<-" 
"[<-.data.frame" "[<-" 
"[<-.data.frame" "[<-" 
"[[.data.frame" "[[" "[.data.frame" "[" 
"which" 
"all" "[[.data.frame" "[[" "[.data.frame" "[" 
"[[.data.frame" "[[" "[.data.frame" "[" 
"which" 
"[<-.data.frame" "[<-" 
"[<-.data.frame" "[<-" 
"[<-" 
"[<-.data.frame" "[<-" 
"sys.call" "%in%" "[[.data.frame" "[[" "[.data.frame" "[" 
"<Anonymous>" "[[.data.frame" "[[" "[.data.frame" "[" 
"[<-.data.frame" "[<-" 
"[<-.data.frame" "[<-" 
"sys.call" "%in%" "[[.data.frame" "[[" "[.data.frame" "[" 
"[<-.data.frame" "[<-" 
"[<-.data.frame" "[<-" 
"[[" "[.data.frame" "[" 
"[<-.data.frame" "[<-" 
"[<-.data.frame" "[<-" 
"all" "[[.data.frame" "[[" "[.data.frame" "[" 
"attr" "[.data.frame" "[" 
"[<-.data.frame" "[<-" 
"[<-.data.frame" "[<-" 
"[.data.frame" "[" 
"length" "[.data.frame" "[" 
"[.data.frame" "[" 
"[[.data.frame" "[[" "[.data.frame" "[" 
"[<-.data.frame" "[<-" 
"sys.call" "%in%" "[[.data.frame" "[[" "[.data.frame" "[" 
"[<-.data.frame" "[<-" 
"<Anonymous>" "[[.data.frame" "[[" "[.data.frame" "[" 
"[<-.data.frame" "[<-" 
"[.data.frame" "[" 
"[<-.data.frame" "[<-" 
"nargs" "[[.data.frame" "[[" "[.data.frame" "[" 
"[<-.data.frame" "[<-" 
"<Anonymous>" "[[.data.frame" "[[" "[.data.frame" "[" 
"[<-.data.frame" "[<-" 
"c" "[<-.data.frame" "[<-" 
"[.data.frame" "[" 
"[<-.data.frame" "[<-" 
"[.data.frame" "[" 
"FUN" "vapply" "[<-.data.frame" "[<-" 
"[.data.frame" "[" 
"%in%" "[[.data.frame" "[[" "[.data.frame" "[" 
"[[" "[.data.frame" "[" 
"[<-.data.frame" "[<-" 
"[.data.frame" "[" 
"[[.data.frame" "[[" "[.data.frame" "[" 
"which" 
"[[" "[.data.frame" "[" 
"[[" "[.data.frame" "[" 
"anyDuplicated.default" "anyDuplicated" "[<-.data.frame" "[<-" 
"[<-.data.frame" "[<-" 
"which" 
"[[.data.frame" "[[" "[.data.frame" "[" 
"[.data.frame" "[" 
"[<-.data.frame" "[<-" 
"[<-.data.frame" "[<-" 
"[[.data.frame" "[[" "[.data.frame" "[" 
"<Anonymous>" "[[.data.frame" "[[" "[.data.frame" "[" 
"[<-.data.frame" "[<-" 
"[<-.data.frame" "[<-" 
"which" 
"[.data.frame" "[" 
"[<-.data.frame" "[<-" 
"<Anonymous>" "[[.data.frame" "[[" "[.data.frame" "[" 
"[<-.data.frame" "[<-" 
"[<-.data.frame" "[<-" 
"sys.call" "%in%" "[[.data.frame" "[[" "[.data.frame" "[" 
"which" 
"[[.data.frame" "[[" "[.data.frame" "[" 
"FUN" "vapply" "[<-.data.frame" "[<-" 
"[<-.data.frame" "[<-" 
"[<-.data.frame" "[<-" 
"which" 
"[<-.data.frame" "[<-" 
"[<-.data.frame" "[<-" 
"[<-.data.frame" "[<-" 
"sys.call" "%in%" "[[.data.frame" "[[" "[.data.frame" "[" 
"[<-.data.frame" "[<-" 
"anyDuplicated" "[<-.data.frame" "[<-" 
"[<-.data.frame" "[<-" 
"NROW" "[<-.data.frame" "[<-" 
"<Anonymous>" "[[.data.frame" "[[" "[.data.frame" "[" 
"<Anonymous>" "[[.data.frame" "[[" "[.data.frame" "[" 
"[<-.data.frame" "[<-" 
"which" 
"sys.call" "%in%" "[[.data.frame" "[[" "[.data.frame" "[" 
"sys.call" "%in%" "[[.data.frame" "[[" "[.data.frame" "[" 
"sys.call" "%in%" "[[.data.frame" "[[" "[.data.frame" "[" 
"%in%" "[[.data.frame" "[[" "[.data.frame" "[" 
"sys.call" "%in%" "[[.data.frame" "[[" "[.data.frame" "[" 
"paste0" "[<-.data.frame" "[<-" 
"[[" "[.data.frame" "[" 
"[.data.frame" "[" 
"paste0" "[<-.data.frame" "[<-" 
"[<-.data.frame" "[<-" 
"[<-.data.frame" "[<-" 
"<Anonymous>" "[[.data.frame" "[[" "[.data.frame" "[" 
"[<-.data.frame" "[<-" 
"[[.data.frame" "[[" "[.data.frame" "[" 
"[<-.data.frame" "[<-" 
"[<-.data.frame" "[<-" 
"which" 
"anyDuplicated" "[.data.frame" "[" 
"[<-.data.frame" "[<-" 
"which" 
"[[.data.frame" "[[" "[.data.frame" "[" 
"[<-.data.frame" "[<-" 
"<Anonymous>" "[[.data.frame" "[[" "[.data.frame" "[" 
"[.data.frame" "[" 
"[<-.data.frame" "[<-" 
"[.data.frame" "[" 
"which" 
"length" "FUN" "vapply" "[<-.data.frame" "[<-" 
"which" 
"[[.data.frame" "[[" "[.data.frame" "[" 
"[<-.data.frame" "[<-" 
"[<-.data.frame" "[<-" 
"[<-.data.frame" "[<-" 
"sys.call" "%in%" "[[.data.frame" "[[" "[.data.frame" "[" 
"[<-.data.frame" "[<-" 
"[<-.data.frame" "[<-" 
"sys.call" "%in%" "[[.data.frame" "[[" "[.data.frame" "[" 
"[<-.data.frame" "[<-" 
".row_names_info" "[<-.data.frame" "[<-" 
"anyDuplicated" "[.data.frame" "[" 
"[<-.data.frame" "[<-" 
"[[" "[.data.frame" "[" 
"[.data.frame" "[" 
"anyDuplicated" "[<-.data.frame" "[<-" 
"<Anonymous>" "[[.data.frame" "[[" "[.data.frame" "[" 
"which" 
"[<-.data.frame" "[<-" 
"$" 
"[[.data.frame" "[[" "[.data.frame" "[" 
"<Anonymous>" "[[.data.frame" "[[" "[.data.frame" "[" 
"[<-.data.frame" "[<-" 
"sys.call" "%in%" "[[.data.frame" "[[" "[.data.frame" "[" 
"FUN" "vapply" "[<-.data.frame" "[<-" 
"[.data.frame" "[" 
"names" "%in%" "[[.data.frame" "[[" "[.data.frame" "[" 
"which" 
"[.data.frame" "[" 
"[[.data.frame" "[[" "[.data.frame" "[" 
"which" 
"[[.data.frame" "[[" "[.data.frame" "[" 
"sys.call" "%in%" "[[.data.frame" "[[" "[.data.frame" "[" 
"paste0" "[<-.data.frame" "[<-" 
"[[" "[.data.frame" "[" 
"[[.data.frame" "[[" "[.data.frame" "[" 
"<Anonymous>" "[[.data.frame" "[[" "[.data.frame" "[" 
"which" 
"[<-.data.frame" "[<-" 
"[[" "[.data.frame" "[" 
"[[.data.frame" "[[" "[.data.frame" "[" 
"[<-.data.frame" "[<-" 
"[<-.data.frame" "[<-" 
"sys.call" "%in%" "[[.data.frame" "[[" "[.data.frame" "[" 
"sys.call" "%in%" "[[.data.frame" "[[" "[.data.frame" "[" 
"[[" "[.data.frame" "[" 
"[<-.data.frame" "[<-" 
"which" 
"%in%" "[[.data.frame" "[[" "[.data.frame" "[" 
"which" 
"[[.data.frame" "[[" "[.data.frame" "[" 
"[.data.frame" "[" 
"[.data.frame" "[" 
"[<-.data.frame" "[<-" 
"[<-.data.frame" "[<-" 
"sys.call" "%in%" "[[.data.frame" "[[" "[.data.frame" "[" 
"[.data.frame" "[" 
"[<-.data.frame" "[<-" 
"[<-.data.frame" "[<-" 
"FUN" "vapply" "[<-.data.frame" "[<-" 
"sys.call" "%in%" "[[.data.frame" "[[" "[.data.frame" "[" 
"which" 
"[<-.data.frame" "[<-" 
"[<-.data.frame" "[<-" 
"[.data.frame" "[" 
"[[.data.frame" "[[" "[.data.frame" "[" 
"names" "%in%" "[[.data.frame" "[[" "[.data.frame" "[" 
"all" "[[.data.frame" "[[" "[.data.frame" "[" 
"which" 
"all" "[[.data.frame" "[[" "[.data.frame" "[" 
"[<-.data.frame" "[<-" 
"sys.call" "%in%" "[.data.frame" "[" 
"[<-.data.frame" "[<-" 
"which" 
"[<-.data.frame" "[<-" 
"which" 
"[<-.data.frame" "[<-" 
"[.data.frame" "[" 
"[<-.data.frame" "[<-" 
"[<-.data.frame" "[<-" 
"[[" "[.data.frame" "[" 
"which" 
"[<-.data.frame" "[<-" 
"[<-.data.frame" "[<-" 
"[<-.data.frame" "[<-" 
"[[.data.frame" "[[" "[.data.frame" "[" 
"[<-.data.frame" "[<-" 
"[[.data.frame" "[[" "[.data.frame" "[" 
"is.matrix" "<Anonymous>" "[[.data.frame" "[[" "[.data.frame" "[" 
"which" 
"[.data.frame" "[" 
"[<-.data.frame" "[<-" 
"which" 
"sys.call" "%in%" "[[.data.frame" "[[" "[.data.frame" "[" 
"[[.data.frame" "[[" "[.data.frame" "[" 
"sys.call" "%in%" "[[.data.frame" "[[" "[.data.frame" "[" 
"[[.data.frame" "[[" "[.data.frame" "[" 
"[[" "[.data.frame" "[" 
"dim" "[.data.frame" "[" 
"<Anonymous>" "[[.data.frame" "[[" "[.data.frame" "[" 
"anyDuplicated" "[<-.data.frame" "[<-" 
"which" 
"[<-.data.frame" "[<-" 
"[<-.data.frame" "[<-" 
"[<-.data.frame" "[<-" 
"[.data.frame" "[" 
"[<-.data.frame" "[<-" 
"%in%" "[[.data.frame" "[[" "[.data.frame" "[" 
"[[.data.frame" "[[" "[.data.frame" "[" 
"which" 
"[<-.data.frame" "[<-" 
"[<-.data.frame" "[<-" 
"%in%" "[[.data.frame" "[[" "[.data.frame" "[" 
"%in%" "[.data.frame" "[" 
"[<-.data.frame" "[<-" 
"names" "%in%" "[[.data.frame" "[[" "[.data.frame" "[" 
"[.data.frame" "[" 
"anyDuplicated.default" "anyDuplicated" "[.data.frame" "[" 
"[[" "[.data.frame" "[" 
"<Anonymous>" "[[.data.frame" "[[" "[.data.frame" "[" 
"[.data.frame" "[" 
"[<-.data.frame" "[<-" 
"[<-.data.frame" "[<-" 
"[<-.data.frame" "[<-" 
"[<-.data.frame" "[<-" 
"[<-.data.frame" "[<-" 
"[<-.data.frame" "[<-" 
"[<-.data.frame" "[<-" 
"which" 
"[[" "[.data.frame" "[" 
"[[.data.frame" "[[" "[.data.frame" "[" 
"isTRUE" "which" 
"%in%" "[[.data.frame" "[[" "[.data.frame" "[" 
"[[" "[.data.frame" "[" 
"[<-.data.frame" "[<-" 
"[.data.frame" "[" 
"which" 
"[<-.data.frame" "[<-" 
"[[.data.frame" "[[" "[.data.frame" "[" 
"[<-.data.frame" "[<-" 
"[<-.data.frame" "[<-" 
"sys.call" "%in%" "[[.data.frame" "[[" "[.data.frame" "[" 
"[<-.data.frame" "[<-" 
"[<-.data.frame" "[<-" 
"[<-.data.frame" "[<-" 
"[[" "[.data.frame" "[" 
"[<-.data.frame" "[<-" 
"[[" "[.data.frame" "[" 
"which" 
"sys.call" "%in%" "[[.data.frame" "[[" "[.data.frame" "[" 
"[<-.data.frame" "[<-" 
"which" 
"[<-.data.frame" "[<-" 
"[<-.data.frame" "[<-" 
"%in%" "[.data.frame" "[" 
"[<-.data.frame" "[<-" 
"[<-.data.frame" "[<-" 
"[<-.data.frame" "[<-" 
"[<-.data.frame" "[<-" 
"<Anonymous>" "[[.data.frame" "[[" "[.data.frame" "[" 
"[<-.data.frame" "[<-" 
"[[" "[.data.frame" "[" 
"names" "%in%" "[[.data.frame" "[[" "[.data.frame" "[" 
"[<-.data.frame" "[<-" 
"[<-.data.frame" "[<-" 
"[<-.data.frame" "[<-" 
"<Anonymous>" "[[.data.frame" "[[" "[.data.frame" "[" 
"which" 
"[.data.frame" "[" 
"<Anonymous>" "[[.data.frame" "[[" "[.data.frame" "[" 
"[[" "[.data.frame" "[" 
"[<-.data.frame" "[<-" 
"[.data.frame" "[" 
"sys.call" "%in%" "[[.data.frame" "[[" "[.data.frame" "[" 
"[<-.data.frame" "[<-" 
"[[.data.frame" "[[" "[.data.frame" "[" 
"[[.data.frame" "[[" "[.data.frame" "[" 
"[<-.data.frame" "[<-" 
"which" 
"[[" "[.data.frame" "[" 
"[<-.data.frame" "[<-" 
"[<-.data.frame" "[<-" 
"<Anonymous>" "[[.data.frame" "[[" "[.data.frame" "[" 
"[[" "[.data.frame" "[" 
"[<-.data.frame" "[<-" 
"[<-.data.frame" "[<-" 
"[[.data.frame" "[[" "[.data.frame" "[" 
"%in%" "[<-.data.frame" "[<-" 
"[<-.data.frame" "[<-" 
"which" 
"[<-.data.frame" "[<-" 
"[[.data.frame" "[[" "[.data.frame" "[" 
"[<-.data.frame" "[<-" 
"[[" "[.data.frame" "[" 
"[[" "[.data.frame" "[" 
"[<-.data.frame" "[<-" 
"[[.data.frame" "[[" "[.data.frame" "[" 
"[<-.data.frame" "[<-" 
"[.data.frame" "[" 
"[.data.frame" "[" 
"[[.data.frame" "[[" "[.data.frame" "[" 
"which" 
"sys.call" "%in%" "[[.data.frame" "[[" "[.data.frame" "[" 
"which" 
"[<-.data.frame" "[<-" 
"[<-.data.frame" "[<-" 
"<Anonymous>" "[[.data.frame" "[[" "[.data.frame" "[" 
"[<-.data.frame" "[<-" 
"sys.call" "%in%" "[[.data.frame" "[[" "[.data.frame" "[" 
"[<-.data.frame" "[<-" 
"sys.call" "%in%" "[[.data.frame" "[[" "[.data.frame" "[" 
"which" 
"[<-.data.frame" "[<-" 
"[.data.frame" "[" 
"which" 
"[<-.data.frame" "[<-" 
"[<-.data.frame" "[<-" 
"sys.call" "%in%" "[[.data.frame" "[[" "[.data.frame" "[" 
"[<-.data.frame" "[<-" 
"which" 
"[<-.data.frame" "[<-" 
"[.data.frame" "[" 
"<Anonymous>" "[[.data.frame" "[[" "[.data.frame" "[" 
